<?xml version="1.0" encoding="UTF-8" standalone="yes"?>
<ns2:test-suite start="1616573642775" stop="1616573868437" version="1.5.0" xmlns:ns2="urn:model.allure.qatools.yandex.ru">
    <name>Default suite : Default test</name>
    <title>Default suite : Default test</title>
    <test-cases>
        <test-case start="1616573647545" stop="1616573661952" status="passed">
            <name>Login</name>
            <steps/>
            <attachments/>
            <labels>
                <label name="testSuite" value="Default suite"/>
                <label name="testGroup" value="Default test"/>
                <label name="testClass" value="com.qait.tests.HomeworkTest"/>
                <label name="testMethod" value="Login"/>
                <label name="host" value="faizejafri-Vostro-15-3568"/>
                <label name="thread" value="147370@faizejafri-Vostro-15-3568.main(1)"/>
            </labels>
        </test-case>
        <test-case start="1616573647545" stop="1616573661952" status="passed">
            <name>Login</name>
            <steps/>
            <attachments/>
            <labels>
                <label name="testSuite" value="Default suite"/>
                <label name="testGroup" value="Default test"/>
                <label name="testClass" value="com.qait.tests.HomeworkTest"/>
                <label name="testMethod" value="Login"/>
                <label name="host" value="faizejafri-Vostro-15-3568"/>
                <label name="thread" value="147370@faizejafri-Vostro-15-3568.main(1)"/>
            </labels>
        </test-case>
        <test-case start="1616573661968" stop="1616573662511" status="passed">
            <name>Verify_Homework_Page</name>
            <steps/>
            <attachments/>
            <labels>
                <label name="testSuite" value="Default suite"/>
                <label name="testGroup" value="Default test"/>
                <label name="testClass" value="com.qait.tests.HomeworkTest"/>
                <label name="testMethod" value="Verify_Homework_Page"/>
                <label name="host" value="faizejafri-Vostro-15-3568"/>
                <label name="thread" value="147370@faizejafri-Vostro-15-3568.main(1)"/>
            </labels>
        </test-case>
        <test-case start="1616573661968" stop="1616573662511" status="passed">
            <name>Verify_Homework_Page</name>
            <steps/>
            <attachments/>
            <labels>
                <label name="testSuite" value="Default suite"/>
                <label name="testGroup" value="Default test"/>
                <label name="testClass" value="com.qait.tests.HomeworkTest"/>
                <label name="testMethod" value="Verify_Homework_Page"/>
                <label name="host" value="faizejafri-Vostro-15-3568"/>
                <label name="thread" value="147370@faizejafri-Vostro-15-3568.main(1)"/>
            </labels>
        </test-case>
        <test-case start="1616573662520" stop="1616573662601" status="passed">
            <name>verify_CreateHomework_Link_isDisplayed</name>
            <steps/>
            <attachments/>
            <labels>
                <label name="testSuite" value="Default suite"/>
                <label name="testGroup" value="Default test"/>
                <label name="testClass" value="com.qait.tests.HomeworkTest"/>
                <label name="testMethod" value="verify_CreateHomework_Link_isDisplayed"/>
                <label name="host" value="faizejafri-Vostro-15-3568"/>
                <label name="thread" value="147370@faizejafri-Vostro-15-3568.main(1)"/>
            </labels>
        </test-case>
        <test-case start="1616573662520" stop="1616573662601" status="passed">
            <name>verify_CreateHomework_Link_isDisplayed</name>
            <steps/>
            <attachments/>
            <labels>
                <label name="testSuite" value="Default suite"/>
                <label name="testGroup" value="Default test"/>
                <label name="testClass" value="com.qait.tests.HomeworkTest"/>
                <label name="testMethod" value="verify_CreateHomework_Link_isDisplayed"/>
                <label name="host" value="faizejafri-Vostro-15-3568"/>
                <label name="thread" value="147370@faizejafri-Vostro-15-3568.main(1)"/>
            </labels>
        </test-case>
        <test-case start="1616573662616" stop="1616573668544" status="passed">
            <name>verify_CreateHomework_link_redirects_Correctly</name>
            <steps/>
            <attachments/>
            <labels>
                <label name="testSuite" value="Default suite"/>
                <label name="testGroup" value="Default test"/>
                <label name="testClass" value="com.qait.tests.HomeworkTest"/>
                <label name="testMethod" value="verify_CreateHomework_link_redirects_Correctly"/>
                <label name="host" value="faizejafri-Vostro-15-3568"/>
                <label name="thread" value="147370@faizejafri-Vostro-15-3568.main(1)"/>
            </labels>
        </test-case>
        <test-case start="1616573662616" stop="1616573668544" status="passed">
            <name>verify_CreateHomework_link_redirects_Correctly</name>
            <steps/>
            <attachments/>
            <labels>
                <label name="testSuite" value="Default suite"/>
                <label name="testGroup" value="Default test"/>
                <label name="testClass" value="com.qait.tests.HomeworkTest"/>
                <label name="testMethod" value="verify_CreateHomework_link_redirects_Correctly"/>
                <label name="host" value="faizejafri-Vostro-15-3568"/>
                <label name="thread" value="147370@faizejafri-Vostro-15-3568.main(1)"/>
            </labels>
        </test-case>
        <test-case start="1616573668552" stop="1616573668614" status="passed">
            <name>verify_Next_Button</name>
            <steps/>
            <attachments/>
            <labels>
                <label name="testSuite" value="Default suite"/>
                <label name="testGroup" value="Default test"/>
                <label name="testClass" value="com.qait.tests.HomeworkTest"/>
                <label name="testMethod" value="verify_Next_Button"/>
                <label name="host" value="faizejafri-Vostro-15-3568"/>
                <label name="thread" value="147370@faizejafri-Vostro-15-3568.main(1)"/>
            </labels>
        </test-case>
        <test-case start="1616573668552" stop="1616573668614" status="passed">
            <name>verify_Next_Button</name>
            <steps/>
            <attachments/>
            <labels>
                <label name="testSuite" value="Default suite"/>
                <label name="testGroup" value="Default test"/>
                <label name="testClass" value="com.qait.tests.HomeworkTest"/>
                <label name="testMethod" value="verify_Next_Button"/>
                <label name="host" value="faizejafri-Vostro-15-3568"/>
                <label name="thread" value="147370@faizejafri-Vostro-15-3568.main(1)"/>
            </labels>
        </test-case>
        <test-case start="1616573668622" stop="1616573669629" status="passed">
            <name>Verify_Fields_CreateHomework</name>
            <steps/>
            <attachments/>
            <labels>
                <label name="testSuite" value="Default suite"/>
                <label name="testGroup" value="Default test"/>
                <label name="testClass" value="com.qait.tests.HomeworkTest"/>
                <label name="testMethod" value="Verify_Fields_CreateHomework"/>
                <label name="host" value="faizejafri-Vostro-15-3568"/>
                <label name="thread" value="147370@faizejafri-Vostro-15-3568.main(1)"/>
            </labels>
        </test-case>
        <test-case start="1616573668622" stop="1616573669629" status="passed">
            <name>Verify_Fields_CreateHomework</name>
            <steps/>
            <attachments/>
            <labels>
                <label name="testSuite" value="Default suite"/>
                <label name="testGroup" value="Default test"/>
                <label name="testClass" value="com.qait.tests.HomeworkTest"/>
                <label name="testMethod" value="Verify_Fields_CreateHomework"/>
                <label name="host" value="faizejafri-Vostro-15-3568"/>
                <label name="thread" value="147370@faizejafri-Vostro-15-3568.main(1)"/>
            </labels>
        </test-case>
        <test-case start="1616573669636" stop="1616573671429" status="passed">
            <name>validate_Dropdowns_Fields</name>
            <steps/>
            <attachments/>
            <labels>
                <label name="testSuite" value="Default suite"/>
                <label name="testGroup" value="Default test"/>
                <label name="testClass" value="com.qait.tests.HomeworkTest"/>
                <label name="testMethod" value="validate_Dropdowns_Fields"/>
                <label name="host" value="faizejafri-Vostro-15-3568"/>
                <label name="thread" value="147370@faizejafri-Vostro-15-3568.main(1)"/>
            </labels>
        </test-case>
        <test-case start="1616573669636" stop="1616573671429" status="passed">
            <name>validate_Dropdowns_Fields</name>
            <steps/>
            <attachments/>
            <labels>
                <label name="testSuite" value="Default suite"/>
                <label name="testGroup" value="Default test"/>
                <label name="testClass" value="com.qait.tests.HomeworkTest"/>
                <label name="testMethod" value="validate_Dropdowns_Fields"/>
                <label name="host" value="faizejafri-Vostro-15-3568"/>
                <label name="thread" value="147370@faizejafri-Vostro-15-3568.main(1)"/>
            </labels>
        </test-case>
        <test-case start="1616573671448" stop="1616573680188" status="passed">
            <name>verify_Selecting_Quiz_as_HomeworkType_redirects_user_to_CorrectPage</name>
            <steps/>
            <attachments/>
            <labels>
                <label name="testSuite" value="Default suite"/>
                <label name="testGroup" value="Default test"/>
                <label name="testClass" value="com.qait.tests.HomeworkTest"/>
                <label name="testMethod" value="verify_Selecting_Quiz_as_HomeworkType_redirects_user_to_CorrectPage"/>
                <label name="host" value="faizejafri-Vostro-15-3568"/>
                <label name="thread" value="147370@faizejafri-Vostro-15-3568.main(1)"/>
            </labels>
        </test-case>
        <test-case start="1616573671448" stop="1616573680188" status="passed">
            <name>verify_Selecting_Quiz_as_HomeworkType_redirects_user_to_CorrectPage</name>
            <steps/>
            <attachments/>
            <labels>
                <label name="testSuite" value="Default suite"/>
                <label name="testGroup" value="Default test"/>
                <label name="testClass" value="com.qait.tests.HomeworkTest"/>
                <label name="testMethod" value="verify_Selecting_Quiz_as_HomeworkType_redirects_user_to_CorrectPage"/>
                <label name="host" value="faizejafri-Vostro-15-3568"/>
                <label name="thread" value="147370@faizejafri-Vostro-15-3568.main(1)"/>
            </labels>
        </test-case>
        <test-case start="1616573680195" stop="1616573688831" status="passed">
            <name>verify_Selecting_Assignment_as_HomeworkType_redirects_user_to_CorrectPage</name>
            <steps/>
            <attachments/>
            <labels>
                <label name="testSuite" value="Default suite"/>
                <label name="testGroup" value="Default test"/>
                <label name="testClass" value="com.qait.tests.HomeworkTest"/>
                <label name="testMethod" value="verify_Selecting_Assignment_as_HomeworkType_redirects_user_to_CorrectPage"/>
                <label name="host" value="faizejafri-Vostro-15-3568"/>
                <label name="thread" value="147370@faizejafri-Vostro-15-3568.main(1)"/>
            </labels>
        </test-case>
        <test-case start="1616573680195" stop="1616573688831" status="passed">
            <name>verify_Selecting_Assignment_as_HomeworkType_redirects_user_to_CorrectPage</name>
            <steps/>
            <attachments/>
            <labels>
                <label name="testSuite" value="Default suite"/>
                <label name="testGroup" value="Default test"/>
                <label name="testClass" value="com.qait.tests.HomeworkTest"/>
                <label name="testMethod" value="verify_Selecting_Assignment_as_HomeworkType_redirects_user_to_CorrectPage"/>
                <label name="host" value="faizejafri-Vostro-15-3568"/>
                <label name="thread" value="147370@faizejafri-Vostro-15-3568.main(1)"/>
            </labels>
        </test-case>
        <test-case start="1616573688837" stop="1616573697293" status="passed">
            <name>verify_CreateQuiz_fields</name>
            <steps/>
            <attachments/>
            <labels>
                <label name="testSuite" value="Default suite"/>
                <label name="testGroup" value="Default test"/>
                <label name="testClass" value="com.qait.tests.HomeworkTest"/>
                <label name="testMethod" value="verify_CreateQuiz_fields"/>
                <label name="host" value="faizejafri-Vostro-15-3568"/>
                <label name="thread" value="147370@faizejafri-Vostro-15-3568.main(1)"/>
            </labels>
        </test-case>
        <test-case start="1616573688837" stop="1616573697293" status="passed">
            <name>verify_CreateQuiz_fields</name>
            <steps/>
            <attachments/>
            <labels>
                <label name="testSuite" value="Default suite"/>
                <label name="testGroup" value="Default test"/>
                <label name="testClass" value="com.qait.tests.HomeworkTest"/>
                <label name="testMethod" value="verify_CreateQuiz_fields"/>
                <label name="host" value="faizejafri-Vostro-15-3568"/>
                <label name="thread" value="147370@faizejafri-Vostro-15-3568.main(1)"/>
            </labels>
        </test-case>
        <test-case start="1616573697298" stop="1616573706076" status="passed">
            <name>verify_user_is_able_to_EnterData_in_CreateQuiz_Fields</name>
            <steps/>
            <attachments/>
            <labels>
                <label name="testSuite" value="Default suite"/>
                <label name="testGroup" value="Default test"/>
                <label name="testClass" value="com.qait.tests.HomeworkTest"/>
                <label name="testMethod" value="verify_user_is_able_to_EnterData_in_CreateQuiz_Fields"/>
                <label name="host" value="faizejafri-Vostro-15-3568"/>
                <label name="thread" value="147370@faizejafri-Vostro-15-3568.main(1)"/>
            </labels>
        </test-case>
        <test-case start="1616573697298" stop="1616573706076" status="passed">
            <name>verify_user_is_able_to_EnterData_in_CreateQuiz_Fields</name>
            <steps/>
            <attachments/>
            <labels>
                <label name="testSuite" value="Default suite"/>
                <label name="testGroup" value="Default test"/>
                <label name="testClass" value="com.qait.tests.HomeworkTest"/>
                <label name="testMethod" value="verify_user_is_able_to_EnterData_in_CreateQuiz_Fields"/>
                <label name="host" value="faizejafri-Vostro-15-3568"/>
                <label name="thread" value="147370@faizejafri-Vostro-15-3568.main(1)"/>
            </labels>
        </test-case>
        <test-case start="1616573706083" stop="1616573715764" status="passed">
            <name>verify_there_are_two_options_available_to_add_Questions</name>
            <steps/>
            <attachments/>
            <labels>
                <label name="testSuite" value="Default suite"/>
                <label name="testGroup" value="Default test"/>
                <label name="testClass" value="com.qait.tests.HomeworkTest"/>
                <label name="testMethod" value="verify_there_are_two_options_available_to_add_Questions"/>
                <label name="host" value="faizejafri-Vostro-15-3568"/>
                <label name="thread" value="147370@faizejafri-Vostro-15-3568.main(1)"/>
            </labels>
        </test-case>
        <test-case start="1616573706083" stop="1616573715764" status="passed">
            <name>verify_there_are_two_options_available_to_add_Questions</name>
            <steps/>
            <attachments/>
            <labels>
                <label name="testSuite" value="Default suite"/>
                <label name="testGroup" value="Default test"/>
                <label name="testClass" value="com.qait.tests.HomeworkTest"/>
                <label name="testMethod" value="verify_there_are_two_options_available_to_add_Questions"/>
                <label name="host" value="faizejafri-Vostro-15-3568"/>
                <label name="thread" value="147370@faizejafri-Vostro-15-3568.main(1)"/>
            </labels>
        </test-case>
        <test-case start="1616573715770" stop="1616573725595" status="passed">
            <name>verify_that_ImportFromQuestionBank_opens_aPopup_with_3_fields</name>
            <steps/>
            <attachments/>
            <labels>
                <label name="testSuite" value="Default suite"/>
                <label name="testGroup" value="Default test"/>
                <label name="testClass" value="com.qait.tests.HomeworkTest"/>
                <label name="testMethod" value="verify_that_ImportFromQuestionBank_opens_aPopup_with_3_fields"/>
                <label name="host" value="faizejafri-Vostro-15-3568"/>
                <label name="thread" value="147370@faizejafri-Vostro-15-3568.main(1)"/>
            </labels>
        </test-case>
        <test-case start="1616573715770" stop="1616573725595" status="passed">
            <name>verify_that_ImportFromQuestionBank_opens_aPopup_with_3_fields</name>
            <steps/>
            <attachments/>
            <labels>
                <label name="testSuite" value="Default suite"/>
                <label name="testGroup" value="Default test"/>
                <label name="testClass" value="com.qait.tests.HomeworkTest"/>
                <label name="testMethod" value="verify_that_ImportFromQuestionBank_opens_aPopup_with_3_fields"/>
                <label name="host" value="faizejafri-Vostro-15-3568"/>
                <label name="thread" value="147370@faizejafri-Vostro-15-3568.main(1)"/>
            </labels>
        </test-case>
        <test-case start="1616573725601" stop="1616573740262" status="passed">
            <name>verify_user_is_able_to_select_fromDropdown</name>
            <steps/>
            <attachments/>
            <labels>
                <label name="testSuite" value="Default suite"/>
                <label name="testGroup" value="Default test"/>
                <label name="testClass" value="com.qait.tests.HomeworkTest"/>
                <label name="testMethod" value="verify_user_is_able_to_select_fromDropdown"/>
                <label name="host" value="faizejafri-Vostro-15-3568"/>
                <label name="thread" value="147370@faizejafri-Vostro-15-3568.main(1)"/>
            </labels>
        </test-case>
        <test-case start="1616573725601" stop="1616573740262" status="passed">
            <name>verify_user_is_able_to_select_fromDropdown</name>
            <steps/>
            <attachments/>
            <labels>
                <label name="testSuite" value="Default suite"/>
                <label name="testGroup" value="Default test"/>
                <label name="testClass" value="com.qait.tests.HomeworkTest"/>
                <label name="testMethod" value="verify_user_is_able_to_select_fromDropdown"/>
                <label name="host" value="faizejafri-Vostro-15-3568"/>
                <label name="thread" value="147370@faizejafri-Vostro-15-3568.main(1)"/>
            </labels>
        </test-case>
        <test-case start="1616573740276" stop="1616573756774" status="passed">
            <name>verify_Questions_gets_displayed_onClicking_Apply</name>
            <steps/>
            <attachments/>
            <labels>
                <label name="testSuite" value="Default suite"/>
                <label name="testGroup" value="Default test"/>
                <label name="testClass" value="com.qait.tests.HomeworkTest"/>
                <label name="testMethod" value="verify_Questions_gets_displayed_onClicking_Apply"/>
                <label name="host" value="faizejafri-Vostro-15-3568"/>
                <label name="thread" value="147370@faizejafri-Vostro-15-3568.main(1)"/>
            </labels>
        </test-case>
        <test-case start="1616573740276" stop="1616573756774" status="passed">
            <name>verify_Questions_gets_displayed_onClicking_Apply</name>
            <steps/>
            <attachments/>
            <labels>
                <label name="testSuite" value="Default suite"/>
                <label name="testGroup" value="Default test"/>
                <label name="testClass" value="com.qait.tests.HomeworkTest"/>
                <label name="testMethod" value="verify_Questions_gets_displayed_onClicking_Apply"/>
                <label name="host" value="faizejafri-Vostro-15-3568"/>
                <label name="thread" value="147370@faizejafri-Vostro-15-3568.main(1)"/>
            </labels>
        </test-case>
        <test-case start="1616573756793" stop="1616573773774" status="passed">
            <name>verify_that_user_is_able_to_PickQuestions</name>
            <steps/>
            <attachments/>
            <labels>
                <label name="testSuite" value="Default suite"/>
                <label name="testGroup" value="Default test"/>
                <label name="testClass" value="com.qait.tests.HomeworkTest"/>
                <label name="testMethod" value="verify_that_user_is_able_to_PickQuestions"/>
                <label name="host" value="faizejafri-Vostro-15-3568"/>
                <label name="thread" value="147370@faizejafri-Vostro-15-3568.main(1)"/>
            </labels>
        </test-case>
        <test-case start="1616573756793" stop="1616573773774" status="passed">
            <name>verify_that_user_is_able_to_PickQuestions</name>
            <steps/>
            <attachments/>
            <labels>
                <label name="testSuite" value="Default suite"/>
                <label name="testGroup" value="Default test"/>
                <label name="testClass" value="com.qait.tests.HomeworkTest"/>
                <label name="testMethod" value="verify_that_user_is_able_to_PickQuestions"/>
                <label name="host" value="faizejafri-Vostro-15-3568"/>
                <label name="thread" value="147370@faizejafri-Vostro-15-3568.main(1)"/>
            </labels>
        </test-case>
        <test-case start="1616573773789" stop="1616573794888" status="passed">
            <name>verify_that_noOfQuestions_picked_are_added_inHomework</name>
            <steps/>
            <attachments/>
            <labels>
                <label name="testSuite" value="Default suite"/>
                <label name="testGroup" value="Default test"/>
                <label name="testClass" value="com.qait.tests.HomeworkTest"/>
                <label name="testMethod" value="verify_that_noOfQuestions_picked_are_added_inHomework"/>
                <label name="host" value="faizejafri-Vostro-15-3568"/>
                <label name="thread" value="147370@faizejafri-Vostro-15-3568.main(1)"/>
            </labels>
        </test-case>
        <test-case start="1616573773789" stop="1616573794888" status="passed">
            <name>verify_that_noOfQuestions_picked_are_added_inHomework</name>
            <steps/>
            <attachments/>
            <labels>
                <label name="testSuite" value="Default suite"/>
                <label name="testGroup" value="Default test"/>
                <label name="testClass" value="com.qait.tests.HomeworkTest"/>
                <label name="testMethod" value="verify_that_noOfQuestions_picked_are_added_inHomework"/>
                <label name="host" value="faizejafri-Vostro-15-3568"/>
                <label name="thread" value="147370@faizejafri-Vostro-15-3568.main(1)"/>
            </labels>
        </test-case>
        <test-case start="1616573794893" stop="1616573823676" status="passed">
            <name>verify_that_user_isAble_delete_any_Question</name>
            <steps/>
            <attachments/>
            <labels>
                <label name="testSuite" value="Default suite"/>
                <label name="testGroup" value="Default test"/>
                <label name="testClass" value="com.qait.tests.HomeworkTest"/>
                <label name="testMethod" value="verify_that_user_isAble_delete_any_Question"/>
                <label name="host" value="faizejafri-Vostro-15-3568"/>
                <label name="thread" value="147370@faizejafri-Vostro-15-3568.main(1)"/>
            </labels>
        </test-case>
        <test-case start="1616573794893" stop="1616573823676" status="passed">
            <name>verify_that_user_isAble_delete_any_Question</name>
            <steps/>
            <attachments/>
            <labels>
                <label name="testSuite" value="Default suite"/>
                <label name="testGroup" value="Default test"/>
                <label name="testClass" value="com.qait.tests.HomeworkTest"/>
                <label name="testMethod" value="verify_that_user_isAble_delete_any_Question"/>
                <label name="host" value="faizejafri-Vostro-15-3568"/>
                <label name="thread" value="147370@faizejafri-Vostro-15-3568.main(1)"/>
            </labels>
        </test-case>
        <test-case start="1616573823694" stop="1616573845859" status="passed">
            <name>verify_that_Correct_Number_ofQuestions_are_displayed_in_PreviewSection</name>
            <steps/>
            <attachments/>
            <labels>
                <label name="testSuite" value="Default suite"/>
                <label name="testGroup" value="Default test"/>
                <label name="testClass" value="com.qait.tests.HomeworkTest"/>
                <label name="testMethod" value="verify_that_Correct_Number_ofQuestions_are_displayed_in_PreviewSection"/>
                <label name="host" value="faizejafri-Vostro-15-3568"/>
                <label name="thread" value="147370@faizejafri-Vostro-15-3568.main(1)"/>
            </labels>
        </test-case>
        <test-case start="1616573823694" stop="1616573845859" status="passed">
            <name>verify_that_Correct_Number_ofQuestions_are_displayed_in_PreviewSection</name>
            <steps/>
            <attachments/>
            <labels>
                <label name="testSuite" value="Default suite"/>
                <label name="testGroup" value="Default test"/>
                <label name="testClass" value="com.qait.tests.HomeworkTest"/>
                <label name="testMethod" value="verify_that_Correct_Number_ofQuestions_are_displayed_in_PreviewSection"/>
                <label name="host" value="faizejafri-Vostro-15-3568"/>
                <label name="thread" value="147370@faizejafri-Vostro-15-3568.main(1)"/>
            </labels>
        </test-case>
        <test-case start="1616573845867" stop="1616573868410" status="failed">
            <name>verify_test_is_Created_Successfully</name>
            <failure>
                <message>AssertionError: [ASSERT FAILED]: Element btn_Save not found on the Homework !!!</message>
                <stack-trace>java.lang.AssertionError: [ASSERT FAILED]: Element btn_Save not found on the Homework !!!
	at org.testng.Assert.fail(Assert.java:94)
	at com.qait.automation.getpageobjects.GetPage.element(GetPage.java:146)
	at com.qait.automation.getpageobjects.GetPage.element(GetPage.java:133)
	at com.qait.keywords.HomeworkAction.click_onSaveBtn(HomeworkAction.java:304)
	at com.qait.tests.HomeworkTest.verify_test_is_Created_Successfully(HomeworkTest.java:370)
	at sun.reflect.NativeMethodAccessorImpl.invoke0(Native Method)
	at sun.reflect.NativeMethodAccessorImpl.invoke(NativeMethodAccessorImpl.java:62)
	at sun.reflect.DelegatingMethodAccessorImpl.invoke(DelegatingMethodAccessorImpl.java:43)
	at java.lang.reflect.Method.invoke(Method.java:498)
	at org.testng.internal.MethodInvocationHelper.invokeMethod(MethodInvocationHelper.java:84)
	at org.testng.internal.Invoker.invokeMethod(Invoker.java:714)
	at org.testng.internal.Invoker.invokeTestMethod(Invoker.java:901)
	at org.testng.internal.Invoker.invokeTestMethods(Invoker.java:1231)
	at org.testng.internal.TestMethodWorker.invokeTestMethods(TestMethodWorker.java:127)
	at org.testng.internal.TestMethodWorker.run(TestMethodWorker.java:111)
	at org.testng.TestRunner.privateRun(TestRunner.java:767)
	at org.testng.TestRunner.run(TestRunner.java:617)
	at org.testng.SuiteRunner.runTest(SuiteRunner.java:334)
	at org.testng.SuiteRunner.runSequentially(SuiteRunner.java:329)
	at org.testng.SuiteRunner.privateRun(SuiteRunner.java:291)
	at org.testng.SuiteRunner.run(SuiteRunner.java:240)
	at org.testng.SuiteRunnerWorker.runSuite(SuiteRunnerWorker.java:52)
	at org.testng.SuiteRunnerWorker.run(SuiteRunnerWorker.java:86)
	at org.testng.TestNG.runSuitesSequentially(TestNG.java:1224)
	at org.testng.TestNG.runSuitesLocally(TestNG.java:1149)
	at org.testng.TestNG.run(TestNG.java:1057)
	at org.testng.remote.AbstractRemoteTestNG.run(AbstractRemoteTestNG.java:115)
	at org.testng.remote.RemoteTestNG.initAndRun(RemoteTestNG.java:251)
	at org.testng.remote.RemoteTestNG.main(RemoteTestNG.java:77)
</stack-trace>
            </failure>
            <steps/>
            <attachments/>
            <labels>
                <label name="testSuite" value="Default suite"/>
                <label name="testGroup" value="Default test"/>
                <label name="testClass" value="com.qait.tests.HomeworkTest"/>
                <label name="testMethod" value="verify_test_is_Created_Successfully"/>
                <label name="host" value="faizejafri-Vostro-15-3568"/>
                <label name="thread" value="147370@faizejafri-Vostro-15-3568.main(1)"/>
            </labels>
        </test-case>
        <test-case start="1616573845867" stop="1616573868410" status="failed">
            <name>verify_test_is_Created_Successfully</name>
            <failure>
                <message>AssertionError: [ASSERT FAILED]: Element btn_Save not found on the Homework !!!</message>
                <stack-trace>java.lang.AssertionError: [ASSERT FAILED]: Element btn_Save not found on the Homework !!!
	at org.testng.Assert.fail(Assert.java:94)
	at com.qait.automation.getpageobjects.GetPage.element(GetPage.java:146)
	at com.qait.automation.getpageobjects.GetPage.element(GetPage.java:133)
	at com.qait.keywords.HomeworkAction.click_onSaveBtn(HomeworkAction.java:304)
	at com.qait.tests.HomeworkTest.verify_test_is_Created_Successfully(HomeworkTest.java:370)
	at sun.reflect.NativeMethodAccessorImpl.invoke0(Native Method)
	at sun.reflect.NativeMethodAccessorImpl.invoke(NativeMethodAccessorImpl.java:62)
	at sun.reflect.DelegatingMethodAccessorImpl.invoke(DelegatingMethodAccessorImpl.java:43)
	at java.lang.reflect.Method.invoke(Method.java:498)
	at org.testng.internal.MethodInvocationHelper.invokeMethod(MethodInvocationHelper.java:84)
	at org.testng.internal.Invoker.invokeMethod(Invoker.java:714)
	at org.testng.internal.Invoker.invokeTestMethod(Invoker.java:901)
	at org.testng.internal.Invoker.invokeTestMethods(Invoker.java:1231)
	at org.testng.internal.TestMethodWorker.invokeTestMethods(TestMethodWorker.java:127)
	at org.testng.internal.TestMethodWorker.run(TestMethodWorker.java:111)
	at org.testng.TestRunner.privateRun(TestRunner.java:767)
	at org.testng.TestRunner.run(TestRunner.java:617)
	at org.testng.SuiteRunner.runTest(SuiteRunner.java:334)
	at org.testng.SuiteRunner.runSequentially(SuiteRunner.java:329)
	at org.testng.SuiteRunner.privateRun(SuiteRunner.java:291)
	at org.testng.SuiteRunner.run(SuiteRunner.java:240)
	at org.testng.SuiteRunnerWorker.runSuite(SuiteRunnerWorker.java:52)
	at org.testng.SuiteRunnerWorker.run(SuiteRunnerWorker.java:86)
	at org.testng.TestNG.runSuitesSequentially(TestNG.java:1224)
	at org.testng.TestNG.runSuitesLocally(TestNG.java:1149)
	at org.testng.TestNG.run(TestNG.java:1057)
	at org.testng.remote.AbstractRemoteTestNG.run(AbstractRemoteTestNG.java:115)
	at org.testng.remote.RemoteTestNG.initAndRun(RemoteTestNG.java:251)
	at org.testng.remote.RemoteTestNG.main(RemoteTestNG.java:77)
</stack-trace>
            </failure>
            <steps/>
            <attachments/>
            <labels>
                <label name="testSuite" value="Default suite"/>
                <label name="testGroup" value="Default test"/>
                <label name="testClass" value="com.qait.tests.HomeworkTest"/>
                <label name="testMethod" value="verify_test_is_Created_Successfully"/>
                <label name="host" value="faizejafri-Vostro-15-3568"/>
                <label name="thread" value="147370@faizejafri-Vostro-15-3568.main(1)"/>
            </labels>
        </test-case>
    </test-cases>
    <labels>
        <label name="framework" value="TestNG"/>
        <label name="language" value="JAVA"/>
    </labels>
</ns2:test-suite>
