<?xml version="1.0" encoding="UTF-8" standalone="yes"?>
<ns2:test-suite start="1615962706806" stop="1615962862016" version="1.5.0" xmlns:ns2="urn:model.allure.qatools.yandex.ru">
    <name>Default suite : Default test</name>
    <title>Default suite : Default test</title>
    <test-cases>
        <test-case start="1615962711450" stop="1615962729257" status="passed">
            <name>Login</name>
            <steps/>
            <attachments/>
            <labels>
                <label name="testSuite" value="Default suite"/>
                <label name="testGroup" value="Default test"/>
                <label name="testClass" value="com.qait.tests.NotificationsTest"/>
                <label name="testMethod" value="Login"/>
                <label name="host" value="faizejafri-Vostro-15-3568"/>
                <label name="thread" value="168452@faizejafri-Vostro-15-3568.main(1)"/>
            </labels>
        </test-case>
        <test-case start="1615962711450" stop="1615962729257" status="passed">
            <name>Login</name>
            <steps/>
            <attachments/>
            <labels>
                <label name="testSuite" value="Default suite"/>
                <label name="testGroup" value="Default test"/>
                <label name="testClass" value="com.qait.tests.NotificationsTest"/>
                <label name="testMethod" value="Login"/>
                <label name="host" value="faizejafri-Vostro-15-3568"/>
                <label name="thread" value="168452@faizejafri-Vostro-15-3568.main(1)"/>
            </labels>
        </test-case>
        <test-case start="1615962729273" stop="1615962729972" status="passed">
            <name>Verify_Notifications_page</name>
            <steps/>
            <attachments/>
            <labels>
                <label name="testSuite" value="Default suite"/>
                <label name="testGroup" value="Default test"/>
                <label name="testClass" value="com.qait.tests.NotificationsTest"/>
                <label name="testMethod" value="Verify_Notifications_page"/>
                <label name="host" value="faizejafri-Vostro-15-3568"/>
                <label name="thread" value="168452@faizejafri-Vostro-15-3568.main(1)"/>
            </labels>
        </test-case>
        <test-case start="1615962729273" stop="1615962729972" status="passed">
            <name>Verify_Notifications_page</name>
            <steps/>
            <attachments/>
            <labels>
                <label name="testSuite" value="Default suite"/>
                <label name="testGroup" value="Default test"/>
                <label name="testClass" value="com.qait.tests.NotificationsTest"/>
                <label name="testMethod" value="Verify_Notifications_page"/>
                <label name="host" value="faizejafri-Vostro-15-3568"/>
                <label name="thread" value="168452@faizejafri-Vostro-15-3568.main(1)"/>
            </labels>
        </test-case>
        <test-case start="1615962729986" stop="1615962730970" status="passed">
            <name>Verify_OlderTab</name>
            <steps/>
            <attachments/>
            <labels>
                <label name="testSuite" value="Default suite"/>
                <label name="testGroup" value="Default test"/>
                <label name="testClass" value="com.qait.tests.NotificationsTest"/>
                <label name="testMethod" value="Verify_OlderTab"/>
                <label name="host" value="faizejafri-Vostro-15-3568"/>
                <label name="thread" value="168452@faizejafri-Vostro-15-3568.main(1)"/>
            </labels>
        </test-case>
        <test-case start="1615962729986" stop="1615962730970" status="passed">
            <name>Verify_OlderTab</name>
            <steps/>
            <attachments/>
            <labels>
                <label name="testSuite" value="Default suite"/>
                <label name="testGroup" value="Default test"/>
                <label name="testClass" value="com.qait.tests.NotificationsTest"/>
                <label name="testMethod" value="Verify_OlderTab"/>
                <label name="host" value="faizejafri-Vostro-15-3568"/>
                <label name="thread" value="168452@faizejafri-Vostro-15-3568.main(1)"/>
            </labels>
        </test-case>
        <test-case start="1615962730992" stop="1615962731073" status="passed">
            <name>verify_SearchIcon</name>
            <steps/>
            <attachments/>
            <labels>
                <label name="testSuite" value="Default suite"/>
                <label name="testGroup" value="Default test"/>
                <label name="testClass" value="com.qait.tests.NotificationsTest"/>
                <label name="testMethod" value="verify_SearchIcon"/>
                <label name="host" value="faizejafri-Vostro-15-3568"/>
                <label name="thread" value="168452@faizejafri-Vostro-15-3568.main(1)"/>
            </labels>
        </test-case>
        <test-case start="1615962730992" stop="1615962731073" status="passed">
            <name>verify_SearchIcon</name>
            <steps/>
            <attachments/>
            <labels>
                <label name="testSuite" value="Default suite"/>
                <label name="testGroup" value="Default test"/>
                <label name="testClass" value="com.qait.tests.NotificationsTest"/>
                <label name="testMethod" value="verify_SearchIcon"/>
                <label name="host" value="faizejafri-Vostro-15-3568"/>
                <label name="thread" value="168452@faizejafri-Vostro-15-3568.main(1)"/>
            </labels>
        </test-case>
        <test-case start="1615962731086" stop="1615962741543" status="passed">
            <name>verify_SearchIcon_redirects_Correctly</name>
            <steps/>
            <attachments/>
            <labels>
                <label name="testSuite" value="Default suite"/>
                <label name="testGroup" value="Default test"/>
                <label name="testClass" value="com.qait.tests.NotificationsTest"/>
                <label name="testMethod" value="verify_SearchIcon_redirects_Correctly"/>
                <label name="host" value="faizejafri-Vostro-15-3568"/>
                <label name="thread" value="168452@faizejafri-Vostro-15-3568.main(1)"/>
            </labels>
        </test-case>
        <test-case start="1615962731086" stop="1615962741543" status="passed">
            <name>verify_SearchIcon_redirects_Correctly</name>
            <steps/>
            <attachments/>
            <labels>
                <label name="testSuite" value="Default suite"/>
                <label name="testGroup" value="Default test"/>
                <label name="testClass" value="com.qait.tests.NotificationsTest"/>
                <label name="testMethod" value="verify_SearchIcon_redirects_Correctly"/>
                <label name="host" value="faizejafri-Vostro-15-3568"/>
                <label name="thread" value="168452@faizejafri-Vostro-15-3568.main(1)"/>
            </labels>
        </test-case>
        <test-case start="1615962741550" stop="1615962743505" status="passed">
            <name>Verify_all_the_Subjects_are_present_and_clickable</name>
            <steps/>
            <attachments/>
            <labels>
                <label name="testSuite" value="Default suite"/>
                <label name="testGroup" value="Default test"/>
                <label name="testClass" value="com.qait.tests.NotificationsTest"/>
                <label name="testMethod" value="Verify_all_the_Subjects_are_present_and_clickable"/>
                <label name="host" value="faizejafri-Vostro-15-3568"/>
                <label name="thread" value="168452@faizejafri-Vostro-15-3568.main(1)"/>
            </labels>
        </test-case>
        <test-case start="1615962741550" stop="1615962743505" status="passed">
            <name>Verify_all_the_Subjects_are_present_and_clickable</name>
            <steps/>
            <attachments/>
            <labels>
                <label name="testSuite" value="Default suite"/>
                <label name="testGroup" value="Default test"/>
                <label name="testClass" value="com.qait.tests.NotificationsTest"/>
                <label name="testMethod" value="Verify_all_the_Subjects_are_present_and_clickable"/>
                <label name="host" value="faizejafri-Vostro-15-3568"/>
                <label name="thread" value="168452@faizejafri-Vostro-15-3568.main(1)"/>
            </labels>
        </test-case>
        <test-case start="1615962743525" stop="1615962744379" status="passed">
            <name>Verify_all_the_TargetAudience_are_present_and_clickable</name>
            <steps/>
            <attachments/>
            <labels>
                <label name="testSuite" value="Default suite"/>
                <label name="testGroup" value="Default test"/>
                <label name="testClass" value="com.qait.tests.NotificationsTest"/>
                <label name="testMethod" value="Verify_all_the_TargetAudience_are_present_and_clickable"/>
                <label name="host" value="faizejafri-Vostro-15-3568"/>
                <label name="thread" value="168452@faizejafri-Vostro-15-3568.main(1)"/>
            </labels>
        </test-case>
        <test-case start="1615962743525" stop="1615962744379" status="passed">
            <name>Verify_all_the_TargetAudience_are_present_and_clickable</name>
            <steps/>
            <attachments/>
            <labels>
                <label name="testSuite" value="Default suite"/>
                <label name="testGroup" value="Default test"/>
                <label name="testClass" value="com.qait.tests.NotificationsTest"/>
                <label name="testMethod" value="Verify_all_the_TargetAudience_are_present_and_clickable"/>
                <label name="host" value="faizejafri-Vostro-15-3568"/>
                <label name="thread" value="168452@faizejafri-Vostro-15-3568.main(1)"/>
            </labels>
        </test-case>
        <test-case start="1615962744398" stop="1615962744884" status="passed">
            <name>verify_ContinueButton</name>
            <steps/>
            <attachments/>
            <labels>
                <label name="testSuite" value="Default suite"/>
                <label name="testGroup" value="Default test"/>
                <label name="testClass" value="com.qait.tests.NotificationsTest"/>
                <label name="testMethod" value="verify_ContinueButton"/>
                <label name="host" value="faizejafri-Vostro-15-3568"/>
                <label name="thread" value="168452@faizejafri-Vostro-15-3568.main(1)"/>
            </labels>
        </test-case>
        <test-case start="1615962744398" stop="1615962744884" status="passed">
            <name>verify_ContinueButton</name>
            <steps/>
            <attachments/>
            <labels>
                <label name="testSuite" value="Default suite"/>
                <label name="testGroup" value="Default test"/>
                <label name="testClass" value="com.qait.tests.NotificationsTest"/>
                <label name="testMethod" value="verify_ContinueButton"/>
                <label name="host" value="faizejafri-Vostro-15-3568"/>
                <label name="thread" value="168452@faizejafri-Vostro-15-3568.main(1)"/>
            </labels>
        </test-case>
        <test-case start="1615962744906" stop="1615962747087" status="passed">
            <name>verify_SelectingOnly_Subject_gives_Error</name>
            <steps/>
            <attachments/>
            <labels>
                <label name="testSuite" value="Default suite"/>
                <label name="testGroup" value="Default test"/>
                <label name="testClass" value="com.qait.tests.NotificationsTest"/>
                <label name="testMethod" value="verify_SelectingOnly_Subject_gives_Error"/>
                <label name="host" value="faizejafri-Vostro-15-3568"/>
                <label name="thread" value="168452@faizejafri-Vostro-15-3568.main(1)"/>
            </labels>
        </test-case>
        <test-case start="1615962744906" stop="1615962747087" status="passed">
            <name>verify_SelectingOnly_Subject_gives_Error</name>
            <steps/>
            <attachments/>
            <labels>
                <label name="testSuite" value="Default suite"/>
                <label name="testGroup" value="Default test"/>
                <label name="testClass" value="com.qait.tests.NotificationsTest"/>
                <label name="testMethod" value="verify_SelectingOnly_Subject_gives_Error"/>
                <label name="host" value="faizejafri-Vostro-15-3568"/>
                <label name="thread" value="168452@faizejafri-Vostro-15-3568.main(1)"/>
            </labels>
        </test-case>
        <test-case start="1615962747096" stop="1615962749607" status="passed">
            <name>verify_Selecting_IndividualStudent_redirects_toTheCorrectPage</name>
            <steps/>
            <attachments/>
            <labels>
                <label name="testSuite" value="Default suite"/>
                <label name="testGroup" value="Default test"/>
                <label name="testClass" value="com.qait.tests.NotificationsTest"/>
                <label name="testMethod" value="verify_Selecting_IndividualStudent_redirects_toTheCorrectPage"/>
                <label name="host" value="faizejafri-Vostro-15-3568"/>
                <label name="thread" value="168452@faizejafri-Vostro-15-3568.main(1)"/>
            </labels>
        </test-case>
        <test-case start="1615962747096" stop="1615962749607" status="passed">
            <name>verify_Selecting_IndividualStudent_redirects_toTheCorrectPage</name>
            <steps/>
            <attachments/>
            <labels>
                <label name="testSuite" value="Default suite"/>
                <label name="testGroup" value="Default test"/>
                <label name="testClass" value="com.qait.tests.NotificationsTest"/>
                <label name="testMethod" value="verify_Selecting_IndividualStudent_redirects_toTheCorrectPage"/>
                <label name="host" value="faizejafri-Vostro-15-3568"/>
                <label name="thread" value="168452@faizejafri-Vostro-15-3568.main(1)"/>
            </labels>
        </test-case>
        <test-case start="1615962749614" stop="1615962751669" status="passed">
            <name>verify_Selecting_EntireSection_redirects_toTheCorrectPage</name>
            <steps/>
            <attachments/>
            <labels>
                <label name="testSuite" value="Default suite"/>
                <label name="testGroup" value="Default test"/>
                <label name="testClass" value="com.qait.tests.NotificationsTest"/>
                <label name="testMethod" value="verify_Selecting_EntireSection_redirects_toTheCorrectPage"/>
                <label name="host" value="faizejafri-Vostro-15-3568"/>
                <label name="thread" value="168452@faizejafri-Vostro-15-3568.main(1)"/>
            </labels>
        </test-case>
        <test-case start="1615962749614" stop="1615962751669" status="passed">
            <name>verify_Selecting_EntireSection_redirects_toTheCorrectPage</name>
            <steps/>
            <attachments/>
            <labels>
                <label name="testSuite" value="Default suite"/>
                <label name="testGroup" value="Default test"/>
                <label name="testClass" value="com.qait.tests.NotificationsTest"/>
                <label name="testMethod" value="verify_Selecting_EntireSection_redirects_toTheCorrectPage"/>
                <label name="host" value="faizejafri-Vostro-15-3568"/>
                <label name="thread" value="168452@faizejafri-Vostro-15-3568.main(1)"/>
            </labels>
        </test-case>
        <test-case start="1615962751675" stop="1615962755324" status="passed">
            <name>verify_Classes_are_functional_under_IndividualStudentSelection</name>
            <steps/>
            <attachments/>
            <labels>
                <label name="testSuite" value="Default suite"/>
                <label name="testGroup" value="Default test"/>
                <label name="testClass" value="com.qait.tests.NotificationsTest"/>
                <label name="testMethod" value="verify_Classes_are_functional_under_IndividualStudentSelection"/>
                <label name="host" value="faizejafri-Vostro-15-3568"/>
                <label name="thread" value="168452@faizejafri-Vostro-15-3568.main(1)"/>
            </labels>
        </test-case>
        <test-case start="1615962751675" stop="1615962755324" status="passed">
            <name>verify_Classes_are_functional_under_IndividualStudentSelection</name>
            <steps/>
            <attachments/>
            <labels>
                <label name="testSuite" value="Default suite"/>
                <label name="testGroup" value="Default test"/>
                <label name="testClass" value="com.qait.tests.NotificationsTest"/>
                <label name="testMethod" value="verify_Classes_are_functional_under_IndividualStudentSelection"/>
                <label name="host" value="faizejafri-Vostro-15-3568"/>
                <label name="thread" value="168452@faizejafri-Vostro-15-3568.main(1)"/>
            </labels>
        </test-case>
        <test-case start="1615962755333" stop="1615962769696" status="passed">
            <name>verify_User_is_able_to_Select_AtleastOne_Student_from_IndividualStudentSelection_Class6A</name>
            <steps/>
            <attachments/>
            <labels>
                <label name="testSuite" value="Default suite"/>
                <label name="testGroup" value="Default test"/>
                <label name="testClass" value="com.qait.tests.NotificationsTest"/>
                <label name="testMethod" value="verify_User_is_able_to_Select_AtleastOne_Student_from_IndividualStudentSelection_Class6A"/>
                <label name="host" value="faizejafri-Vostro-15-3568"/>
                <label name="thread" value="168452@faizejafri-Vostro-15-3568.main(1)"/>
            </labels>
        </test-case>
        <test-case start="1615962755333" stop="1615962769696" status="passed">
            <name>verify_User_is_able_to_Select_AtleastOne_Student_from_IndividualStudentSelection_Class6A</name>
            <steps/>
            <attachments/>
            <labels>
                <label name="testSuite" value="Default suite"/>
                <label name="testGroup" value="Default test"/>
                <label name="testClass" value="com.qait.tests.NotificationsTest"/>
                <label name="testMethod" value="verify_User_is_able_to_Select_AtleastOne_Student_from_IndividualStudentSelection_Class6A"/>
                <label name="host" value="faizejafri-Vostro-15-3568"/>
                <label name="thread" value="168452@faizejafri-Vostro-15-3568.main(1)"/>
            </labels>
        </test-case>
        <test-case start="1615962769721" stop="1615962783987" status="passed">
            <name>verify_User_is_able_to_Select_AtleastOne_Student_from_IndividualStudentSelection_Class6B</name>
            <steps/>
            <attachments/>
            <labels>
                <label name="testSuite" value="Default suite"/>
                <label name="testGroup" value="Default test"/>
                <label name="testClass" value="com.qait.tests.NotificationsTest"/>
                <label name="testMethod" value="verify_User_is_able_to_Select_AtleastOne_Student_from_IndividualStudentSelection_Class6B"/>
                <label name="host" value="faizejafri-Vostro-15-3568"/>
                <label name="thread" value="168452@faizejafri-Vostro-15-3568.main(1)"/>
            </labels>
        </test-case>
        <test-case start="1615962769721" stop="1615962783987" status="passed">
            <name>verify_User_is_able_to_Select_AtleastOne_Student_from_IndividualStudentSelection_Class6B</name>
            <steps/>
            <attachments/>
            <labels>
                <label name="testSuite" value="Default suite"/>
                <label name="testGroup" value="Default test"/>
                <label name="testClass" value="com.qait.tests.NotificationsTest"/>
                <label name="testMethod" value="verify_User_is_able_to_Select_AtleastOne_Student_from_IndividualStudentSelection_Class6B"/>
                <label name="host" value="faizejafri-Vostro-15-3568"/>
                <label name="thread" value="168452@faizejafri-Vostro-15-3568.main(1)"/>
            </labels>
        </test-case>
        <test-case start="1615962783999" stop="1615962798840" status="passed">
            <name>verify_User_is_able_to_Select_AtleastOne_Student_from_IndividualStudentSelection_Class6C</name>
            <steps/>
            <attachments/>
            <labels>
                <label name="testSuite" value="Default suite"/>
                <label name="testGroup" value="Default test"/>
                <label name="testClass" value="com.qait.tests.NotificationsTest"/>
                <label name="testMethod" value="verify_User_is_able_to_Select_AtleastOne_Student_from_IndividualStudentSelection_Class6C"/>
                <label name="host" value="faizejafri-Vostro-15-3568"/>
                <label name="thread" value="168452@faizejafri-Vostro-15-3568.main(1)"/>
            </labels>
        </test-case>
        <test-case start="1615962783999" stop="1615962798840" status="passed">
            <name>verify_User_is_able_to_Select_AtleastOne_Student_from_IndividualStudentSelection_Class6C</name>
            <steps/>
            <attachments/>
            <labels>
                <label name="testSuite" value="Default suite"/>
                <label name="testGroup" value="Default test"/>
                <label name="testClass" value="com.qait.tests.NotificationsTest"/>
                <label name="testMethod" value="verify_User_is_able_to_Select_AtleastOne_Student_from_IndividualStudentSelection_Class6C"/>
                <label name="host" value="faizejafri-Vostro-15-3568"/>
                <label name="thread" value="168452@faizejafri-Vostro-15-3568.main(1)"/>
            </labels>
        </test-case>
        <test-case start="1615962798862" stop="1615962861980" status="failed">
            <name>verify_Error_Displayed_Before_Selecting_AtleastOneStudent_from_IndividualStudentSelection</name>
            <failure>
                <message>AssertionError: [ASSERT FAILED]: Element error_SelectTargetAudience not found on the Notifications !!!</message>
                <stack-trace>java.lang.AssertionError: [ASSERT FAILED]: Element error_SelectTargetAudience not found on the Notifications !!!
	at org.testng.Assert.fail(Assert.java:94)
	at com.qait.automation.getpageobjects.GetPage.element(GetPage.java:146)
	at com.qait.automation.getpageobjects.GetPage.element(GetPage.java:133)
	at com.qait.keywords.NotificationAction.verify_StudentError(NotificationAction.java:178)
	at com.qait.tests.NotificationsTest.verify_Error_Displayed_Before_Selecting_AtleastOneStudent_from_IndividualStudentSelection(NotificationsTest.java:140)
	at sun.reflect.NativeMethodAccessorImpl.invoke0(Native Method)
	at sun.reflect.NativeMethodAccessorImpl.invoke(NativeMethodAccessorImpl.java:62)
	at sun.reflect.DelegatingMethodAccessorImpl.invoke(DelegatingMethodAccessorImpl.java:43)
	at java.lang.reflect.Method.invoke(Method.java:498)
	at org.testng.internal.MethodInvocationHelper.invokeMethod(MethodInvocationHelper.java:84)
	at org.testng.internal.Invoker.invokeMethod(Invoker.java:714)
	at org.testng.internal.Invoker.invokeTestMethod(Invoker.java:901)
	at org.testng.internal.Invoker.invokeTestMethods(Invoker.java:1231)
	at org.testng.internal.TestMethodWorker.invokeTestMethods(TestMethodWorker.java:127)
	at org.testng.internal.TestMethodWorker.run(TestMethodWorker.java:111)
	at org.testng.TestRunner.privateRun(TestRunner.java:767)
	at org.testng.TestRunner.run(TestRunner.java:617)
	at org.testng.SuiteRunner.runTest(SuiteRunner.java:334)
	at org.testng.SuiteRunner.runSequentially(SuiteRunner.java:329)
	at org.testng.SuiteRunner.privateRun(SuiteRunner.java:291)
	at org.testng.SuiteRunner.run(SuiteRunner.java:240)
	at org.testng.SuiteRunnerWorker.runSuite(SuiteRunnerWorker.java:52)
	at org.testng.SuiteRunnerWorker.run(SuiteRunnerWorker.java:86)
	at org.testng.TestNG.runSuitesSequentially(TestNG.java:1224)
	at org.testng.TestNG.runSuitesLocally(TestNG.java:1149)
	at org.testng.TestNG.run(TestNG.java:1057)
	at org.testng.remote.AbstractRemoteTestNG.run(AbstractRemoteTestNG.java:115)
	at org.testng.remote.RemoteTestNG.initAndRun(RemoteTestNG.java:251)
	at org.testng.remote.RemoteTestNG.main(RemoteTestNG.java:77)
</stack-trace>
            </failure>
            <steps/>
            <attachments/>
            <labels>
                <label name="testSuite" value="Default suite"/>
                <label name="testGroup" value="Default test"/>
                <label name="testClass" value="com.qait.tests.NotificationsTest"/>
                <label name="testMethod" value="verify_Error_Displayed_Before_Selecting_AtleastOneStudent_from_IndividualStudentSelection"/>
                <label name="host" value="faizejafri-Vostro-15-3568"/>
                <label name="thread" value="168452@faizejafri-Vostro-15-3568.main(1)"/>
            </labels>
        </test-case>
        <test-case start="1615962798862" stop="1615962861980" status="failed">
            <name>verify_Error_Displayed_Before_Selecting_AtleastOneStudent_from_IndividualStudentSelection</name>
            <failure>
                <message>AssertionError: [ASSERT FAILED]: Element error_SelectTargetAudience not found on the Notifications !!!</message>
                <stack-trace>java.lang.AssertionError: [ASSERT FAILED]: Element error_SelectTargetAudience not found on the Notifications !!!
	at org.testng.Assert.fail(Assert.java:94)
	at com.qait.automation.getpageobjects.GetPage.element(GetPage.java:146)
	at com.qait.automation.getpageobjects.GetPage.element(GetPage.java:133)
	at com.qait.keywords.NotificationAction.verify_StudentError(NotificationAction.java:178)
	at com.qait.tests.NotificationsTest.verify_Error_Displayed_Before_Selecting_AtleastOneStudent_from_IndividualStudentSelection(NotificationsTest.java:140)
	at sun.reflect.NativeMethodAccessorImpl.invoke0(Native Method)
	at sun.reflect.NativeMethodAccessorImpl.invoke(NativeMethodAccessorImpl.java:62)
	at sun.reflect.DelegatingMethodAccessorImpl.invoke(DelegatingMethodAccessorImpl.java:43)
	at java.lang.reflect.Method.invoke(Method.java:498)
	at org.testng.internal.MethodInvocationHelper.invokeMethod(MethodInvocationHelper.java:84)
	at org.testng.internal.Invoker.invokeMethod(Invoker.java:714)
	at org.testng.internal.Invoker.invokeTestMethod(Invoker.java:901)
	at org.testng.internal.Invoker.invokeTestMethods(Invoker.java:1231)
	at org.testng.internal.TestMethodWorker.invokeTestMethods(TestMethodWorker.java:127)
	at org.testng.internal.TestMethodWorker.run(TestMethodWorker.java:111)
	at org.testng.TestRunner.privateRun(TestRunner.java:767)
	at org.testng.TestRunner.run(TestRunner.java:617)
	at org.testng.SuiteRunner.runTest(SuiteRunner.java:334)
	at org.testng.SuiteRunner.runSequentially(SuiteRunner.java:329)
	at org.testng.SuiteRunner.privateRun(SuiteRunner.java:291)
	at org.testng.SuiteRunner.run(SuiteRunner.java:240)
	at org.testng.SuiteRunnerWorker.runSuite(SuiteRunnerWorker.java:52)
	at org.testng.SuiteRunnerWorker.run(SuiteRunnerWorker.java:86)
	at org.testng.TestNG.runSuitesSequentially(TestNG.java:1224)
	at org.testng.TestNG.runSuitesLocally(TestNG.java:1149)
	at org.testng.TestNG.run(TestNG.java:1057)
	at org.testng.remote.AbstractRemoteTestNG.run(AbstractRemoteTestNG.java:115)
	at org.testng.remote.RemoteTestNG.initAndRun(RemoteTestNG.java:251)
	at org.testng.remote.RemoteTestNG.main(RemoteTestNG.java:77)
</stack-trace>
            </failure>
            <steps/>
            <attachments/>
            <labels>
                <label name="testSuite" value="Default suite"/>
                <label name="testGroup" value="Default test"/>
                <label name="testClass" value="com.qait.tests.NotificationsTest"/>
                <label name="testMethod" value="verify_Error_Displayed_Before_Selecting_AtleastOneStudent_from_IndividualStudentSelection"/>
                <label name="host" value="faizejafri-Vostro-15-3568"/>
                <label name="thread" value="168452@faizejafri-Vostro-15-3568.main(1)"/>
            </labels>
        </test-case>
    </test-cases>
    <labels>
        <label name="framework" value="TestNG"/>
        <label name="language" value="JAVA"/>
    </labels>
</ns2:test-suite>
