<?xml version="1.0" encoding="UTF-8" standalone="yes"?>
<ns2:test-suite start="1616150763590" stop="1616151057263" version="1.5.0" xmlns:ns2="urn:model.allure.qatools.yandex.ru">
    <name>Default suite : Default test</name>
    <title>Default suite : Default test</title>
    <test-cases>
        <test-case start="1616150776590" stop="1616150796953" status="passed">
            <name>Login</name>
            <steps/>
            <attachments/>
            <labels>
                <label name="testSuite" value="Default suite"/>
                <label name="testGroup" value="Default test"/>
                <label name="testClass" value="com.qait.tests.NotificationsTest"/>
                <label name="testMethod" value="Login"/>
                <label name="host" value="faizejafri-Vostro-15-3568"/>
                <label name="thread" value="681252@faizejafri-Vostro-15-3568.main(1)"/>
            </labels>
        </test-case>
        <test-case start="1616150776590" stop="1616150796953" status="passed">
            <name>Login</name>
            <steps/>
            <attachments/>
            <labels>
                <label name="testSuite" value="Default suite"/>
                <label name="testGroup" value="Default test"/>
                <label name="testClass" value="com.qait.tests.NotificationsTest"/>
                <label name="testMethod" value="Login"/>
                <label name="host" value="faizejafri-Vostro-15-3568"/>
                <label name="thread" value="681252@faizejafri-Vostro-15-3568.main(1)"/>
            </labels>
        </test-case>
        <test-case start="1616150796998" stop="1616150797908" status="passed">
            <name>Verify_Notifications_page</name>
            <steps/>
            <attachments/>
            <labels>
                <label name="testSuite" value="Default suite"/>
                <label name="testGroup" value="Default test"/>
                <label name="testClass" value="com.qait.tests.NotificationsTest"/>
                <label name="testMethod" value="Verify_Notifications_page"/>
                <label name="host" value="faizejafri-Vostro-15-3568"/>
                <label name="thread" value="681252@faizejafri-Vostro-15-3568.main(1)"/>
            </labels>
        </test-case>
        <test-case start="1616150796998" stop="1616150797908" status="passed">
            <name>Verify_Notifications_page</name>
            <steps/>
            <attachments/>
            <labels>
                <label name="testSuite" value="Default suite"/>
                <label name="testGroup" value="Default test"/>
                <label name="testClass" value="com.qait.tests.NotificationsTest"/>
                <label name="testMethod" value="Verify_Notifications_page"/>
                <label name="host" value="faizejafri-Vostro-15-3568"/>
                <label name="thread" value="681252@faizejafri-Vostro-15-3568.main(1)"/>
            </labels>
        </test-case>
        <test-case start="1616150797938" stop="1616150801363" status="passed">
            <name>Verify_OlderTab</name>
            <steps/>
            <attachments/>
            <labels>
                <label name="testSuite" value="Default suite"/>
                <label name="testGroup" value="Default test"/>
                <label name="testClass" value="com.qait.tests.NotificationsTest"/>
                <label name="testMethod" value="Verify_OlderTab"/>
                <label name="host" value="faizejafri-Vostro-15-3568"/>
                <label name="thread" value="681252@faizejafri-Vostro-15-3568.main(1)"/>
            </labels>
        </test-case>
        <test-case start="1616150797938" stop="1616150801363" status="passed">
            <name>Verify_OlderTab</name>
            <steps/>
            <attachments/>
            <labels>
                <label name="testSuite" value="Default suite"/>
                <label name="testGroup" value="Default test"/>
                <label name="testClass" value="com.qait.tests.NotificationsTest"/>
                <label name="testMethod" value="Verify_OlderTab"/>
                <label name="host" value="faizejafri-Vostro-15-3568"/>
                <label name="thread" value="681252@faizejafri-Vostro-15-3568.main(1)"/>
            </labels>
        </test-case>
        <test-case start="1616150801395" stop="1616150801582" status="passed">
            <name>verify_SearchIcon</name>
            <steps/>
            <attachments/>
            <labels>
                <label name="testSuite" value="Default suite"/>
                <label name="testGroup" value="Default test"/>
                <label name="testClass" value="com.qait.tests.NotificationsTest"/>
                <label name="testMethod" value="verify_SearchIcon"/>
                <label name="host" value="faizejafri-Vostro-15-3568"/>
                <label name="thread" value="681252@faizejafri-Vostro-15-3568.main(1)"/>
            </labels>
        </test-case>
        <test-case start="1616150801395" stop="1616150801582" status="passed">
            <name>verify_SearchIcon</name>
            <steps/>
            <attachments/>
            <labels>
                <label name="testSuite" value="Default suite"/>
                <label name="testGroup" value="Default test"/>
                <label name="testClass" value="com.qait.tests.NotificationsTest"/>
                <label name="testMethod" value="verify_SearchIcon"/>
                <label name="host" value="faizejafri-Vostro-15-3568"/>
                <label name="thread" value="681252@faizejafri-Vostro-15-3568.main(1)"/>
            </labels>
        </test-case>
        <test-case start="1616150801614" stop="1616150812559" status="passed">
            <name>verify_SearchIcon_redirects_Correctly</name>
            <steps/>
            <attachments/>
            <labels>
                <label name="testSuite" value="Default suite"/>
                <label name="testGroup" value="Default test"/>
                <label name="testClass" value="com.qait.tests.NotificationsTest"/>
                <label name="testMethod" value="verify_SearchIcon_redirects_Correctly"/>
                <label name="host" value="faizejafri-Vostro-15-3568"/>
                <label name="thread" value="681252@faizejafri-Vostro-15-3568.main(1)"/>
            </labels>
        </test-case>
        <test-case start="1616150801614" stop="1616150812559" status="passed">
            <name>verify_SearchIcon_redirects_Correctly</name>
            <steps/>
            <attachments/>
            <labels>
                <label name="testSuite" value="Default suite"/>
                <label name="testGroup" value="Default test"/>
                <label name="testClass" value="com.qait.tests.NotificationsTest"/>
                <label name="testMethod" value="verify_SearchIcon_redirects_Correctly"/>
                <label name="host" value="faizejafri-Vostro-15-3568"/>
                <label name="thread" value="681252@faizejafri-Vostro-15-3568.main(1)"/>
            </labels>
        </test-case>
        <test-case start="1616150812584" stop="1616150816621" status="passed">
            <name>Verify_all_the_Subjects_are_present_and_clickable</name>
            <steps/>
            <attachments/>
            <labels>
                <label name="testSuite" value="Default suite"/>
                <label name="testGroup" value="Default test"/>
                <label name="testClass" value="com.qait.tests.NotificationsTest"/>
                <label name="testMethod" value="Verify_all_the_Subjects_are_present_and_clickable"/>
                <label name="host" value="faizejafri-Vostro-15-3568"/>
                <label name="thread" value="681252@faizejafri-Vostro-15-3568.main(1)"/>
            </labels>
        </test-case>
        <test-case start="1616150812584" stop="1616150816621" status="passed">
            <name>Verify_all_the_Subjects_are_present_and_clickable</name>
            <steps/>
            <attachments/>
            <labels>
                <label name="testSuite" value="Default suite"/>
                <label name="testGroup" value="Default test"/>
                <label name="testClass" value="com.qait.tests.NotificationsTest"/>
                <label name="testMethod" value="Verify_all_the_Subjects_are_present_and_clickable"/>
                <label name="host" value="faizejafri-Vostro-15-3568"/>
                <label name="thread" value="681252@faizejafri-Vostro-15-3568.main(1)"/>
            </labels>
        </test-case>
        <test-case start="1616150816637" stop="1616150818278" status="passed">
            <name>Verify_all_the_TargetAudience_are_present_and_clickable</name>
            <steps/>
            <attachments/>
            <labels>
                <label name="testSuite" value="Default suite"/>
                <label name="testGroup" value="Default test"/>
                <label name="testClass" value="com.qait.tests.NotificationsTest"/>
                <label name="testMethod" value="Verify_all_the_TargetAudience_are_present_and_clickable"/>
                <label name="host" value="faizejafri-Vostro-15-3568"/>
                <label name="thread" value="681252@faizejafri-Vostro-15-3568.main(1)"/>
            </labels>
        </test-case>
        <test-case start="1616150816637" stop="1616150818278" status="passed">
            <name>Verify_all_the_TargetAudience_are_present_and_clickable</name>
            <steps/>
            <attachments/>
            <labels>
                <label name="testSuite" value="Default suite"/>
                <label name="testGroup" value="Default test"/>
                <label name="testClass" value="com.qait.tests.NotificationsTest"/>
                <label name="testMethod" value="Verify_all_the_TargetAudience_are_present_and_clickable"/>
                <label name="host" value="faizejafri-Vostro-15-3568"/>
                <label name="thread" value="681252@faizejafri-Vostro-15-3568.main(1)"/>
            </labels>
        </test-case>
        <test-case start="1616150818294" stop="1616150819373" status="passed">
            <name>verify_ContinueButton</name>
            <steps/>
            <attachments/>
            <labels>
                <label name="testSuite" value="Default suite"/>
                <label name="testGroup" value="Default test"/>
                <label name="testClass" value="com.qait.tests.NotificationsTest"/>
                <label name="testMethod" value="verify_ContinueButton"/>
                <label name="host" value="faizejafri-Vostro-15-3568"/>
                <label name="thread" value="681252@faizejafri-Vostro-15-3568.main(1)"/>
            </labels>
        </test-case>
        <test-case start="1616150818294" stop="1616150819373" status="passed">
            <name>verify_ContinueButton</name>
            <steps/>
            <attachments/>
            <labels>
                <label name="testSuite" value="Default suite"/>
                <label name="testGroup" value="Default test"/>
                <label name="testClass" value="com.qait.tests.NotificationsTest"/>
                <label name="testMethod" value="verify_ContinueButton"/>
                <label name="host" value="faizejafri-Vostro-15-3568"/>
                <label name="thread" value="681252@faizejafri-Vostro-15-3568.main(1)"/>
            </labels>
        </test-case>
        <test-case start="1616150819398" stop="1616150823655" status="passed">
            <name>verify_SelectingOnly_Subject_gives_Error</name>
            <steps/>
            <attachments/>
            <labels>
                <label name="testSuite" value="Default suite"/>
                <label name="testGroup" value="Default test"/>
                <label name="testClass" value="com.qait.tests.NotificationsTest"/>
                <label name="testMethod" value="verify_SelectingOnly_Subject_gives_Error"/>
                <label name="host" value="faizejafri-Vostro-15-3568"/>
                <label name="thread" value="681252@faizejafri-Vostro-15-3568.main(1)"/>
            </labels>
        </test-case>
        <test-case start="1616150819398" stop="1616150823655" status="passed">
            <name>verify_SelectingOnly_Subject_gives_Error</name>
            <steps/>
            <attachments/>
            <labels>
                <label name="testSuite" value="Default suite"/>
                <label name="testGroup" value="Default test"/>
                <label name="testClass" value="com.qait.tests.NotificationsTest"/>
                <label name="testMethod" value="verify_SelectingOnly_Subject_gives_Error"/>
                <label name="host" value="faizejafri-Vostro-15-3568"/>
                <label name="thread" value="681252@faizejafri-Vostro-15-3568.main(1)"/>
            </labels>
        </test-case>
        <test-case start="1616150823692" stop="1616150828151" status="passed">
            <name>verify_Selecting_IndividualStudent_redirects_toTheCorrectPage</name>
            <steps/>
            <attachments/>
            <labels>
                <label name="testSuite" value="Default suite"/>
                <label name="testGroup" value="Default test"/>
                <label name="testClass" value="com.qait.tests.NotificationsTest"/>
                <label name="testMethod" value="verify_Selecting_IndividualStudent_redirects_toTheCorrectPage"/>
                <label name="host" value="faizejafri-Vostro-15-3568"/>
                <label name="thread" value="681252@faizejafri-Vostro-15-3568.main(1)"/>
            </labels>
        </test-case>
        <test-case start="1616150823692" stop="1616150828151" status="passed">
            <name>verify_Selecting_IndividualStudent_redirects_toTheCorrectPage</name>
            <steps/>
            <attachments/>
            <labels>
                <label name="testSuite" value="Default suite"/>
                <label name="testGroup" value="Default test"/>
                <label name="testClass" value="com.qait.tests.NotificationsTest"/>
                <label name="testMethod" value="verify_Selecting_IndividualStudent_redirects_toTheCorrectPage"/>
                <label name="host" value="faizejafri-Vostro-15-3568"/>
                <label name="thread" value="681252@faizejafri-Vostro-15-3568.main(1)"/>
            </labels>
        </test-case>
        <test-case start="1616150828177" stop="1616150832426" status="passed">
            <name>verify_Selecting_EntireSection_redirects_toTheCorrectPage</name>
            <steps/>
            <attachments/>
            <labels>
                <label name="testSuite" value="Default suite"/>
                <label name="testGroup" value="Default test"/>
                <label name="testClass" value="com.qait.tests.NotificationsTest"/>
                <label name="testMethod" value="verify_Selecting_EntireSection_redirects_toTheCorrectPage"/>
                <label name="host" value="faizejafri-Vostro-15-3568"/>
                <label name="thread" value="681252@faizejafri-Vostro-15-3568.main(1)"/>
            </labels>
        </test-case>
        <test-case start="1616150828177" stop="1616150832426" status="passed">
            <name>verify_Selecting_EntireSection_redirects_toTheCorrectPage</name>
            <steps/>
            <attachments/>
            <labels>
                <label name="testSuite" value="Default suite"/>
                <label name="testGroup" value="Default test"/>
                <label name="testClass" value="com.qait.tests.NotificationsTest"/>
                <label name="testMethod" value="verify_Selecting_EntireSection_redirects_toTheCorrectPage"/>
                <label name="host" value="faizejafri-Vostro-15-3568"/>
                <label name="thread" value="681252@faizejafri-Vostro-15-3568.main(1)"/>
            </labels>
        </test-case>
        <test-case start="1616150832450" stop="1616150839486" status="passed">
            <name>verify_Classes_are_functional_under_IndividualStudentSelection</name>
            <steps/>
            <attachments/>
            <labels>
                <label name="testSuite" value="Default suite"/>
                <label name="testGroup" value="Default test"/>
                <label name="testClass" value="com.qait.tests.NotificationsTest"/>
                <label name="testMethod" value="verify_Classes_are_functional_under_IndividualStudentSelection"/>
                <label name="host" value="faizejafri-Vostro-15-3568"/>
                <label name="thread" value="681252@faizejafri-Vostro-15-3568.main(1)"/>
            </labels>
        </test-case>
        <test-case start="1616150832450" stop="1616150839486" status="passed">
            <name>verify_Classes_are_functional_under_IndividualStudentSelection</name>
            <steps/>
            <attachments/>
            <labels>
                <label name="testSuite" value="Default suite"/>
                <label name="testGroup" value="Default test"/>
                <label name="testClass" value="com.qait.tests.NotificationsTest"/>
                <label name="testMethod" value="verify_Classes_are_functional_under_IndividualStudentSelection"/>
                <label name="host" value="faizejafri-Vostro-15-3568"/>
                <label name="thread" value="681252@faizejafri-Vostro-15-3568.main(1)"/>
            </labels>
        </test-case>
        <test-case start="1616150839501" stop="1616150870664" status="passed">
            <name>verify_User_is_able_to_Select_AtleastOne_Student_from_IndividualStudentSelection_Class6A</name>
            <steps/>
            <attachments/>
            <labels>
                <label name="testSuite" value="Default suite"/>
                <label name="testGroup" value="Default test"/>
                <label name="testClass" value="com.qait.tests.NotificationsTest"/>
                <label name="testMethod" value="verify_User_is_able_to_Select_AtleastOne_Student_from_IndividualStudentSelection_Class6A"/>
                <label name="host" value="faizejafri-Vostro-15-3568"/>
                <label name="thread" value="681252@faizejafri-Vostro-15-3568.main(1)"/>
            </labels>
        </test-case>
        <test-case start="1616150839501" stop="1616150870664" status="passed">
            <name>verify_User_is_able_to_Select_AtleastOne_Student_from_IndividualStudentSelection_Class6A</name>
            <steps/>
            <attachments/>
            <labels>
                <label name="testSuite" value="Default suite"/>
                <label name="testGroup" value="Default test"/>
                <label name="testClass" value="com.qait.tests.NotificationsTest"/>
                <label name="testMethod" value="verify_User_is_able_to_Select_AtleastOne_Student_from_IndividualStudentSelection_Class6A"/>
                <label name="host" value="faizejafri-Vostro-15-3568"/>
                <label name="thread" value="681252@faizejafri-Vostro-15-3568.main(1)"/>
            </labels>
        </test-case>
        <test-case start="1616150870709" stop="1616150900487" status="passed">
            <name>verify_User_is_able_to_Select_AtleastOne_Student_from_IndividualStudentSelection_Class6B</name>
            <steps/>
            <attachments/>
            <labels>
                <label name="testSuite" value="Default suite"/>
                <label name="testGroup" value="Default test"/>
                <label name="testClass" value="com.qait.tests.NotificationsTest"/>
                <label name="testMethod" value="verify_User_is_able_to_Select_AtleastOne_Student_from_IndividualStudentSelection_Class6B"/>
                <label name="host" value="faizejafri-Vostro-15-3568"/>
                <label name="thread" value="681252@faizejafri-Vostro-15-3568.main(1)"/>
            </labels>
        </test-case>
        <test-case start="1616150870709" stop="1616150900487" status="passed">
            <name>verify_User_is_able_to_Select_AtleastOne_Student_from_IndividualStudentSelection_Class6B</name>
            <steps/>
            <attachments/>
            <labels>
                <label name="testSuite" value="Default suite"/>
                <label name="testGroup" value="Default test"/>
                <label name="testClass" value="com.qait.tests.NotificationsTest"/>
                <label name="testMethod" value="verify_User_is_able_to_Select_AtleastOne_Student_from_IndividualStudentSelection_Class6B"/>
                <label name="host" value="faizejafri-Vostro-15-3568"/>
                <label name="thread" value="681252@faizejafri-Vostro-15-3568.main(1)"/>
            </labels>
        </test-case>
        <test-case start="1616150900551" stop="1616150931699" status="passed">
            <name>verify_User_is_able_to_Select_AtleastOne_Student_from_IndividualStudentSelection_Class6C</name>
            <steps/>
            <attachments/>
            <labels>
                <label name="testSuite" value="Default suite"/>
                <label name="testGroup" value="Default test"/>
                <label name="testClass" value="com.qait.tests.NotificationsTest"/>
                <label name="testMethod" value="verify_User_is_able_to_Select_AtleastOne_Student_from_IndividualStudentSelection_Class6C"/>
                <label name="host" value="faizejafri-Vostro-15-3568"/>
                <label name="thread" value="681252@faizejafri-Vostro-15-3568.main(1)"/>
            </labels>
        </test-case>
        <test-case start="1616150900551" stop="1616150931699" status="passed">
            <name>verify_User_is_able_to_Select_AtleastOne_Student_from_IndividualStudentSelection_Class6C</name>
            <steps/>
            <attachments/>
            <labels>
                <label name="testSuite" value="Default suite"/>
                <label name="testGroup" value="Default test"/>
                <label name="testClass" value="com.qait.tests.NotificationsTest"/>
                <label name="testMethod" value="verify_User_is_able_to_Select_AtleastOne_Student_from_IndividualStudentSelection_Class6C"/>
                <label name="host" value="faizejafri-Vostro-15-3568"/>
                <label name="thread" value="681252@faizejafri-Vostro-15-3568.main(1)"/>
            </labels>
        </test-case>
        <test-case start="1616150931743" stop="1616150937919" status="passed">
            <name>verify_Error_isDisplayed_Before_Selecting_AtleastOneStudent_from_IndividualStudentSelection</name>
            <steps/>
            <attachments/>
            <labels>
                <label name="testSuite" value="Default suite"/>
                <label name="testGroup" value="Default test"/>
                <label name="testClass" value="com.qait.tests.NotificationsTest"/>
                <label name="testMethod" value="verify_Error_isDisplayed_Before_Selecting_AtleastOneStudent_from_IndividualStudentSelection"/>
                <label name="host" value="faizejafri-Vostro-15-3568"/>
                <label name="thread" value="681252@faizejafri-Vostro-15-3568.main(1)"/>
            </labels>
        </test-case>
        <test-case start="1616150931743" stop="1616150937919" status="passed">
            <name>verify_Error_isDisplayed_Before_Selecting_AtleastOneStudent_from_IndividualStudentSelection</name>
            <steps/>
            <attachments/>
            <labels>
                <label name="testSuite" value="Default suite"/>
                <label name="testGroup" value="Default test"/>
                <label name="testClass" value="com.qait.tests.NotificationsTest"/>
                <label name="testMethod" value="verify_Error_isDisplayed_Before_Selecting_AtleastOneStudent_from_IndividualStudentSelection"/>
                <label name="host" value="faizejafri-Vostro-15-3568"/>
                <label name="thread" value="681252@faizejafri-Vostro-15-3568.main(1)"/>
            </labels>
        </test-case>
        <test-case start="1616150937941" stop="1616150966714" status="passed">
            <name>verify_selected_Students_in_ConfirmPopup_using_IndividualStudent_as_TargetAudience</name>
            <steps/>
            <attachments/>
            <labels>
                <label name="testSuite" value="Default suite"/>
                <label name="testGroup" value="Default test"/>
                <label name="testClass" value="com.qait.tests.NotificationsTest"/>
                <label name="testMethod" value="verify_selected_Students_in_ConfirmPopup_using_IndividualStudent_as_TargetAudience"/>
                <label name="host" value="faizejafri-Vostro-15-3568"/>
                <label name="thread" value="681252@faizejafri-Vostro-15-3568.main(1)"/>
            </labels>
        </test-case>
        <test-case start="1616150937941" stop="1616150966714" status="passed">
            <name>verify_selected_Students_in_ConfirmPopup_using_IndividualStudent_as_TargetAudience</name>
            <steps/>
            <attachments/>
            <labels>
                <label name="testSuite" value="Default suite"/>
                <label name="testGroup" value="Default test"/>
                <label name="testClass" value="com.qait.tests.NotificationsTest"/>
                <label name="testMethod" value="verify_selected_Students_in_ConfirmPopup_using_IndividualStudent_as_TargetAudience"/>
                <label name="host" value="faizejafri-Vostro-15-3568"/>
                <label name="thread" value="681252@faizejafri-Vostro-15-3568.main(1)"/>
            </labels>
        </test-case>
        <test-case start="1616150966738" stop="1616150973924" status="passed">
            <name>verify_selected_Students_in_ConfirmPopup_using_EntireSection_as_TargetAudience</name>
            <steps/>
            <attachments/>
            <labels>
                <label name="testSuite" value="Default suite"/>
                <label name="testGroup" value="Default test"/>
                <label name="testClass" value="com.qait.tests.NotificationsTest"/>
                <label name="testMethod" value="verify_selected_Students_in_ConfirmPopup_using_EntireSection_as_TargetAudience"/>
                <label name="host" value="faizejafri-Vostro-15-3568"/>
                <label name="thread" value="681252@faizejafri-Vostro-15-3568.main(1)"/>
            </labels>
        </test-case>
        <test-case start="1616150966738" stop="1616150973924" status="passed">
            <name>verify_selected_Students_in_ConfirmPopup_using_EntireSection_as_TargetAudience</name>
            <steps/>
            <attachments/>
            <labels>
                <label name="testSuite" value="Default suite"/>
                <label name="testGroup" value="Default test"/>
                <label name="testClass" value="com.qait.tests.NotificationsTest"/>
                <label name="testMethod" value="verify_selected_Students_in_ConfirmPopup_using_EntireSection_as_TargetAudience"/>
                <label name="host" value="faizejafri-Vostro-15-3568"/>
                <label name="thread" value="681252@faizejafri-Vostro-15-3568.main(1)"/>
            </labels>
        </test-case>
        <test-case start="1616150973951" stop="1616150983051" status="passed">
            <name>verify_User_is_able_toSelect_atleastOne_Section_under_EntireSection</name>
            <steps/>
            <attachments/>
            <labels>
                <label name="testSuite" value="Default suite"/>
                <label name="testGroup" value="Default test"/>
                <label name="testClass" value="com.qait.tests.NotificationsTest"/>
                <label name="testMethod" value="verify_User_is_able_toSelect_atleastOne_Section_under_EntireSection"/>
                <label name="host" value="faizejafri-Vostro-15-3568"/>
                <label name="thread" value="681252@faizejafri-Vostro-15-3568.main(1)"/>
            </labels>
        </test-case>
        <test-case start="1616150973951" stop="1616150983051" status="passed">
            <name>verify_User_is_able_toSelect_atleastOne_Section_under_EntireSection</name>
            <steps/>
            <attachments/>
            <labels>
                <label name="testSuite" value="Default suite"/>
                <label name="testGroup" value="Default test"/>
                <label name="testClass" value="com.qait.tests.NotificationsTest"/>
                <label name="testMethod" value="verify_User_is_able_toSelect_atleastOne_Section_under_EntireSection"/>
                <label name="host" value="faizejafri-Vostro-15-3568"/>
                <label name="thread" value="681252@faizejafri-Vostro-15-3568.main(1)"/>
            </labels>
        </test-case>
        <test-case start="1616150983089" stop="1616150984836" status="passed">
            <name>verify_Send_Button_is_working</name>
            <steps/>
            <attachments/>
            <labels>
                <label name="testSuite" value="Default suite"/>
                <label name="testGroup" value="Default test"/>
                <label name="testClass" value="com.qait.tests.NotificationsTest"/>
                <label name="testMethod" value="verify_Send_Button_is_working"/>
                <label name="host" value="faizejafri-Vostro-15-3568"/>
                <label name="thread" value="681252@faizejafri-Vostro-15-3568.main(1)"/>
            </labels>
        </test-case>
        <test-case start="1616150983089" stop="1616150984836" status="passed">
            <name>verify_Send_Button_is_working</name>
            <steps/>
            <attachments/>
            <labels>
                <label name="testSuite" value="Default suite"/>
                <label name="testGroup" value="Default test"/>
                <label name="testClass" value="com.qait.tests.NotificationsTest"/>
                <label name="testMethod" value="verify_Send_Button_is_working"/>
                <label name="host" value="faizejafri-Vostro-15-3568"/>
                <label name="thread" value="681252@faizejafri-Vostro-15-3568.main(1)"/>
            </labels>
        </test-case>
        <test-case start="1616150984849" stop="1616150985090" status="passed">
            <name>verify_Heading_Field</name>
            <steps/>
            <attachments/>
            <labels>
                <label name="testSuite" value="Default suite"/>
                <label name="testGroup" value="Default test"/>
                <label name="testClass" value="com.qait.tests.NotificationsTest"/>
                <label name="testMethod" value="verify_Heading_Field"/>
                <label name="host" value="faizejafri-Vostro-15-3568"/>
                <label name="thread" value="681252@faizejafri-Vostro-15-3568.main(1)"/>
            </labels>
        </test-case>
        <test-case start="1616150984849" stop="1616150985090" status="passed">
            <name>verify_Heading_Field</name>
            <steps/>
            <attachments/>
            <labels>
                <label name="testSuite" value="Default suite"/>
                <label name="testGroup" value="Default test"/>
                <label name="testClass" value="com.qait.tests.NotificationsTest"/>
                <label name="testMethod" value="verify_Heading_Field"/>
                <label name="host" value="faizejafri-Vostro-15-3568"/>
                <label name="thread" value="681252@faizejafri-Vostro-15-3568.main(1)"/>
            </labels>
        </test-case>
        <test-case start="1616150985126" stop="1616150985323" status="passed">
            <name>verify_Message_Field</name>
            <steps/>
            <attachments/>
            <labels>
                <label name="testSuite" value="Default suite"/>
                <label name="testGroup" value="Default test"/>
                <label name="testClass" value="com.qait.tests.NotificationsTest"/>
                <label name="testMethod" value="verify_Message_Field"/>
                <label name="host" value="faizejafri-Vostro-15-3568"/>
                <label name="thread" value="681252@faizejafri-Vostro-15-3568.main(1)"/>
            </labels>
        </test-case>
        <test-case start="1616150985126" stop="1616150985323" status="passed">
            <name>verify_Message_Field</name>
            <steps/>
            <attachments/>
            <labels>
                <label name="testSuite" value="Default suite"/>
                <label name="testGroup" value="Default test"/>
                <label name="testClass" value="com.qait.tests.NotificationsTest"/>
                <label name="testMethod" value="verify_Message_Field"/>
                <label name="host" value="faizejafri-Vostro-15-3568"/>
                <label name="thread" value="681252@faizejafri-Vostro-15-3568.main(1)"/>
            </labels>
        </test-case>
        <test-case start="1616150985346" stop="1616151057124" status="failed">
            <name>verify_Newly_Notification_Sent_isDisplayed_on_Homepage_and_at_StudentEnd</name>
            <failure>
                <message>AssertionError: [ASSERT FAILED]: Element button_SignInOptions not found on the Notifications !!!</message>
                <stack-trace>java.lang.AssertionError: [ASSERT FAILED]: Element button_SignInOptions not found on the Notifications !!!
	at org.testng.Assert.fail(Assert.java:94)
	at com.qait.automation.getpageobjects.GetPage.element(GetPage.java:146)
	at com.qait.keywords.NotificationAction.Login_Using_Student_Credentials(NotificationAction.java:290)
	at com.qait.tests.NotificationsTest.verify_Newly_Notification_Sent_isDisplayed_on_Homepage_and_at_StudentEnd(NotificationsTest.java:223)
	at sun.reflect.NativeMethodAccessorImpl.invoke0(Native Method)
	at sun.reflect.NativeMethodAccessorImpl.invoke(NativeMethodAccessorImpl.java:62)
	at sun.reflect.DelegatingMethodAccessorImpl.invoke(DelegatingMethodAccessorImpl.java:43)
	at java.lang.reflect.Method.invoke(Method.java:498)
	at org.testng.internal.MethodInvocationHelper.invokeMethod(MethodInvocationHelper.java:84)
	at org.testng.internal.Invoker.invokeMethod(Invoker.java:714)
	at org.testng.internal.Invoker.invokeTestMethod(Invoker.java:901)
	at org.testng.internal.Invoker.invokeTestMethods(Invoker.java:1231)
	at org.testng.internal.TestMethodWorker.invokeTestMethods(TestMethodWorker.java:127)
	at org.testng.internal.TestMethodWorker.run(TestMethodWorker.java:111)
	at org.testng.TestRunner.privateRun(TestRunner.java:767)
	at org.testng.TestRunner.run(TestRunner.java:617)
	at org.testng.SuiteRunner.runTest(SuiteRunner.java:334)
	at org.testng.SuiteRunner.runSequentially(SuiteRunner.java:329)
	at org.testng.SuiteRunner.privateRun(SuiteRunner.java:291)
	at org.testng.SuiteRunner.run(SuiteRunner.java:240)
	at org.testng.SuiteRunnerWorker.runSuite(SuiteRunnerWorker.java:52)
	at org.testng.SuiteRunnerWorker.run(SuiteRunnerWorker.java:86)
	at org.testng.TestNG.runSuitesSequentially(TestNG.java:1224)
	at org.testng.TestNG.runSuitesLocally(TestNG.java:1149)
	at org.testng.TestNG.run(TestNG.java:1057)
	at org.testng.remote.AbstractRemoteTestNG.run(AbstractRemoteTestNG.java:115)
	at org.testng.remote.RemoteTestNG.initAndRun(RemoteTestNG.java:251)
	at org.testng.remote.RemoteTestNG.main(RemoteTestNG.java:77)
</stack-trace>
            </failure>
            <steps/>
            <attachments/>
            <labels>
                <label name="testSuite" value="Default suite"/>
                <label name="testGroup" value="Default test"/>
                <label name="testClass" value="com.qait.tests.NotificationsTest"/>
                <label name="testMethod" value="verify_Newly_Notification_Sent_isDisplayed_on_Homepage_and_at_StudentEnd"/>
                <label name="host" value="faizejafri-Vostro-15-3568"/>
                <label name="thread" value="681252@faizejafri-Vostro-15-3568.main(1)"/>
            </labels>
        </test-case>
        <test-case start="1616150985346" stop="1616151057124" status="failed">
            <name>verify_Newly_Notification_Sent_isDisplayed_on_Homepage_and_at_StudentEnd</name>
            <failure>
                <message>AssertionError: [ASSERT FAILED]: Element button_SignInOptions not found on the Notifications !!!</message>
                <stack-trace>java.lang.AssertionError: [ASSERT FAILED]: Element button_SignInOptions not found on the Notifications !!!
	at org.testng.Assert.fail(Assert.java:94)
	at com.qait.automation.getpageobjects.GetPage.element(GetPage.java:146)
	at com.qait.keywords.NotificationAction.Login_Using_Student_Credentials(NotificationAction.java:290)
	at com.qait.tests.NotificationsTest.verify_Newly_Notification_Sent_isDisplayed_on_Homepage_and_at_StudentEnd(NotificationsTest.java:223)
	at sun.reflect.NativeMethodAccessorImpl.invoke0(Native Method)
	at sun.reflect.NativeMethodAccessorImpl.invoke(NativeMethodAccessorImpl.java:62)
	at sun.reflect.DelegatingMethodAccessorImpl.invoke(DelegatingMethodAccessorImpl.java:43)
	at java.lang.reflect.Method.invoke(Method.java:498)
	at org.testng.internal.MethodInvocationHelper.invokeMethod(MethodInvocationHelper.java:84)
	at org.testng.internal.Invoker.invokeMethod(Invoker.java:714)
	at org.testng.internal.Invoker.invokeTestMethod(Invoker.java:901)
	at org.testng.internal.Invoker.invokeTestMethods(Invoker.java:1231)
	at org.testng.internal.TestMethodWorker.invokeTestMethods(TestMethodWorker.java:127)
	at org.testng.internal.TestMethodWorker.run(TestMethodWorker.java:111)
	at org.testng.TestRunner.privateRun(TestRunner.java:767)
	at org.testng.TestRunner.run(TestRunner.java:617)
	at org.testng.SuiteRunner.runTest(SuiteRunner.java:334)
	at org.testng.SuiteRunner.runSequentially(SuiteRunner.java:329)
	at org.testng.SuiteRunner.privateRun(SuiteRunner.java:291)
	at org.testng.SuiteRunner.run(SuiteRunner.java:240)
	at org.testng.SuiteRunnerWorker.runSuite(SuiteRunnerWorker.java:52)
	at org.testng.SuiteRunnerWorker.run(SuiteRunnerWorker.java:86)
	at org.testng.TestNG.runSuitesSequentially(TestNG.java:1224)
	at org.testng.TestNG.runSuitesLocally(TestNG.java:1149)
	at org.testng.TestNG.run(TestNG.java:1057)
	at org.testng.remote.AbstractRemoteTestNG.run(AbstractRemoteTestNG.java:115)
	at org.testng.remote.RemoteTestNG.initAndRun(RemoteTestNG.java:251)
	at org.testng.remote.RemoteTestNG.main(RemoteTestNG.java:77)
</stack-trace>
            </failure>
            <steps/>
            <attachments/>
            <labels>
                <label name="testSuite" value="Default suite"/>
                <label name="testGroup" value="Default test"/>
                <label name="testClass" value="com.qait.tests.NotificationsTest"/>
                <label name="testMethod" value="verify_Newly_Notification_Sent_isDisplayed_on_Homepage_and_at_StudentEnd"/>
                <label name="host" value="faizejafri-Vostro-15-3568"/>
                <label name="thread" value="681252@faizejafri-Vostro-15-3568.main(1)"/>
            </labels>
        </test-case>
    </test-cases>
    <labels>
        <label name="framework" value="TestNG"/>
        <label name="language" value="JAVA"/>
    </labels>
</ns2:test-suite>
