<?xml version="1.0" encoding="UTF-8" standalone="yes"?>
<ns2:test-suite start="1615962521033" stop="1615962670050" version="1.5.0" xmlns:ns2="urn:model.allure.qatools.yandex.ru">
    <name>Default suite : Default test</name>
    <title>Default suite : Default test</title>
    <test-cases>
        <test-case start="1615962525724" stop="1615962540623" status="passed">
            <name>Login</name>
            <steps/>
            <attachments/>
            <labels>
                <label name="testSuite" value="Default suite"/>
                <label name="testGroup" value="Default test"/>
                <label name="testClass" value="com.qait.tests.NotificationsTest"/>
                <label name="testMethod" value="Login"/>
                <label name="host" value="faizejafri-Vostro-15-3568"/>
                <label name="thread" value="168112@faizejafri-Vostro-15-3568.main(1)"/>
            </labels>
        </test-case>
        <test-case start="1615962525724" stop="1615962540623" status="passed">
            <name>Login</name>
            <steps/>
            <attachments/>
            <labels>
                <label name="testSuite" value="Default suite"/>
                <label name="testGroup" value="Default test"/>
                <label name="testClass" value="com.qait.tests.NotificationsTest"/>
                <label name="testMethod" value="Login"/>
                <label name="host" value="faizejafri-Vostro-15-3568"/>
                <label name="thread" value="168112@faizejafri-Vostro-15-3568.main(1)"/>
            </labels>
        </test-case>
        <test-case start="1615962540649" stop="1615962541148" status="passed">
            <name>Verify_Notifications_page</name>
            <steps/>
            <attachments/>
            <labels>
                <label name="testSuite" value="Default suite"/>
                <label name="testGroup" value="Default test"/>
                <label name="testClass" value="com.qait.tests.NotificationsTest"/>
                <label name="testMethod" value="Verify_Notifications_page"/>
                <label name="host" value="faizejafri-Vostro-15-3568"/>
                <label name="thread" value="168112@faizejafri-Vostro-15-3568.main(1)"/>
            </labels>
        </test-case>
        <test-case start="1615962540649" stop="1615962541148" status="passed">
            <name>Verify_Notifications_page</name>
            <steps/>
            <attachments/>
            <labels>
                <label name="testSuite" value="Default suite"/>
                <label name="testGroup" value="Default test"/>
                <label name="testClass" value="com.qait.tests.NotificationsTest"/>
                <label name="testMethod" value="Verify_Notifications_page"/>
                <label name="host" value="faizejafri-Vostro-15-3568"/>
                <label name="thread" value="168112@faizejafri-Vostro-15-3568.main(1)"/>
            </labels>
        </test-case>
        <test-case start="1615962541167" stop="1615962542166" status="passed">
            <name>Verify_OlderTab</name>
            <steps/>
            <attachments/>
            <labels>
                <label name="testSuite" value="Default suite"/>
                <label name="testGroup" value="Default test"/>
                <label name="testClass" value="com.qait.tests.NotificationsTest"/>
                <label name="testMethod" value="Verify_OlderTab"/>
                <label name="host" value="faizejafri-Vostro-15-3568"/>
                <label name="thread" value="168112@faizejafri-Vostro-15-3568.main(1)"/>
            </labels>
        </test-case>
        <test-case start="1615962541167" stop="1615962542166" status="passed">
            <name>Verify_OlderTab</name>
            <steps/>
            <attachments/>
            <labels>
                <label name="testSuite" value="Default suite"/>
                <label name="testGroup" value="Default test"/>
                <label name="testClass" value="com.qait.tests.NotificationsTest"/>
                <label name="testMethod" value="Verify_OlderTab"/>
                <label name="host" value="faizejafri-Vostro-15-3568"/>
                <label name="thread" value="168112@faizejafri-Vostro-15-3568.main(1)"/>
            </labels>
        </test-case>
        <test-case start="1615962542183" stop="1615962542257" status="passed">
            <name>verify_SearchIcon</name>
            <steps/>
            <attachments/>
            <labels>
                <label name="testSuite" value="Default suite"/>
                <label name="testGroup" value="Default test"/>
                <label name="testClass" value="com.qait.tests.NotificationsTest"/>
                <label name="testMethod" value="verify_SearchIcon"/>
                <label name="host" value="faizejafri-Vostro-15-3568"/>
                <label name="thread" value="168112@faizejafri-Vostro-15-3568.main(1)"/>
            </labels>
        </test-case>
        <test-case start="1615962542183" stop="1615962542257" status="passed">
            <name>verify_SearchIcon</name>
            <steps/>
            <attachments/>
            <labels>
                <label name="testSuite" value="Default suite"/>
                <label name="testGroup" value="Default test"/>
                <label name="testClass" value="com.qait.tests.NotificationsTest"/>
                <label name="testMethod" value="verify_SearchIcon"/>
                <label name="host" value="faizejafri-Vostro-15-3568"/>
                <label name="thread" value="168112@faizejafri-Vostro-15-3568.main(1)"/>
            </labels>
        </test-case>
        <test-case start="1615962542263" stop="1615962552676" status="passed">
            <name>verify_SearchIcon_redirects_Correctly</name>
            <steps/>
            <attachments/>
            <labels>
                <label name="testSuite" value="Default suite"/>
                <label name="testGroup" value="Default test"/>
                <label name="testClass" value="com.qait.tests.NotificationsTest"/>
                <label name="testMethod" value="verify_SearchIcon_redirects_Correctly"/>
                <label name="host" value="faizejafri-Vostro-15-3568"/>
                <label name="thread" value="168112@faizejafri-Vostro-15-3568.main(1)"/>
            </labels>
        </test-case>
        <test-case start="1615962542263" stop="1615962552676" status="passed">
            <name>verify_SearchIcon_redirects_Correctly</name>
            <steps/>
            <attachments/>
            <labels>
                <label name="testSuite" value="Default suite"/>
                <label name="testGroup" value="Default test"/>
                <label name="testClass" value="com.qait.tests.NotificationsTest"/>
                <label name="testMethod" value="verify_SearchIcon_redirects_Correctly"/>
                <label name="host" value="faizejafri-Vostro-15-3568"/>
                <label name="thread" value="168112@faizejafri-Vostro-15-3568.main(1)"/>
            </labels>
        </test-case>
        <test-case start="1615962552684" stop="1615962554838" status="passed">
            <name>Verify_all_the_Subjects_are_present_and_clickable</name>
            <steps/>
            <attachments/>
            <labels>
                <label name="testSuite" value="Default suite"/>
                <label name="testGroup" value="Default test"/>
                <label name="testClass" value="com.qait.tests.NotificationsTest"/>
                <label name="testMethod" value="Verify_all_the_Subjects_are_present_and_clickable"/>
                <label name="host" value="faizejafri-Vostro-15-3568"/>
                <label name="thread" value="168112@faizejafri-Vostro-15-3568.main(1)"/>
            </labels>
        </test-case>
        <test-case start="1615962552684" stop="1615962554838" status="passed">
            <name>Verify_all_the_Subjects_are_present_and_clickable</name>
            <steps/>
            <attachments/>
            <labels>
                <label name="testSuite" value="Default suite"/>
                <label name="testGroup" value="Default test"/>
                <label name="testClass" value="com.qait.tests.NotificationsTest"/>
                <label name="testMethod" value="Verify_all_the_Subjects_are_present_and_clickable"/>
                <label name="host" value="faizejafri-Vostro-15-3568"/>
                <label name="thread" value="168112@faizejafri-Vostro-15-3568.main(1)"/>
            </labels>
        </test-case>
        <test-case start="1615962554858" stop="1615962555718" status="passed">
            <name>Verify_all_the_TargetAudience_are_present_and_clickable</name>
            <steps/>
            <attachments/>
            <labels>
                <label name="testSuite" value="Default suite"/>
                <label name="testGroup" value="Default test"/>
                <label name="testClass" value="com.qait.tests.NotificationsTest"/>
                <label name="testMethod" value="Verify_all_the_TargetAudience_are_present_and_clickable"/>
                <label name="host" value="faizejafri-Vostro-15-3568"/>
                <label name="thread" value="168112@faizejafri-Vostro-15-3568.main(1)"/>
            </labels>
        </test-case>
        <test-case start="1615962554858" stop="1615962555718" status="passed">
            <name>Verify_all_the_TargetAudience_are_present_and_clickable</name>
            <steps/>
            <attachments/>
            <labels>
                <label name="testSuite" value="Default suite"/>
                <label name="testGroup" value="Default test"/>
                <label name="testClass" value="com.qait.tests.NotificationsTest"/>
                <label name="testMethod" value="Verify_all_the_TargetAudience_are_present_and_clickable"/>
                <label name="host" value="faizejafri-Vostro-15-3568"/>
                <label name="thread" value="168112@faizejafri-Vostro-15-3568.main(1)"/>
            </labels>
        </test-case>
        <test-case start="1615962555736" stop="1615962556219" status="passed">
            <name>verify_ContinueButton</name>
            <steps/>
            <attachments/>
            <labels>
                <label name="testSuite" value="Default suite"/>
                <label name="testGroup" value="Default test"/>
                <label name="testClass" value="com.qait.tests.NotificationsTest"/>
                <label name="testMethod" value="verify_ContinueButton"/>
                <label name="host" value="faizejafri-Vostro-15-3568"/>
                <label name="thread" value="168112@faizejafri-Vostro-15-3568.main(1)"/>
            </labels>
        </test-case>
        <test-case start="1615962555736" stop="1615962556219" status="passed">
            <name>verify_ContinueButton</name>
            <steps/>
            <attachments/>
            <labels>
                <label name="testSuite" value="Default suite"/>
                <label name="testGroup" value="Default test"/>
                <label name="testClass" value="com.qait.tests.NotificationsTest"/>
                <label name="testMethod" value="verify_ContinueButton"/>
                <label name="host" value="faizejafri-Vostro-15-3568"/>
                <label name="thread" value="168112@faizejafri-Vostro-15-3568.main(1)"/>
            </labels>
        </test-case>
        <test-case start="1615962556236" stop="1615962558098" status="passed">
            <name>verify_SelectingOnly_Subject_gives_Error</name>
            <steps/>
            <attachments/>
            <labels>
                <label name="testSuite" value="Default suite"/>
                <label name="testGroup" value="Default test"/>
                <label name="testClass" value="com.qait.tests.NotificationsTest"/>
                <label name="testMethod" value="verify_SelectingOnly_Subject_gives_Error"/>
                <label name="host" value="faizejafri-Vostro-15-3568"/>
                <label name="thread" value="168112@faizejafri-Vostro-15-3568.main(1)"/>
            </labels>
        </test-case>
        <test-case start="1615962556236" stop="1615962558098" status="passed">
            <name>verify_SelectingOnly_Subject_gives_Error</name>
            <steps/>
            <attachments/>
            <labels>
                <label name="testSuite" value="Default suite"/>
                <label name="testGroup" value="Default test"/>
                <label name="testClass" value="com.qait.tests.NotificationsTest"/>
                <label name="testMethod" value="verify_SelectingOnly_Subject_gives_Error"/>
                <label name="host" value="faizejafri-Vostro-15-3568"/>
                <label name="thread" value="168112@faizejafri-Vostro-15-3568.main(1)"/>
            </labels>
        </test-case>
        <test-case start="1615962558114" stop="1615962560190" status="passed">
            <name>verify_Selecting_IndividualStudent_redirects_toTheCorrectPage</name>
            <steps/>
            <attachments/>
            <labels>
                <label name="testSuite" value="Default suite"/>
                <label name="testGroup" value="Default test"/>
                <label name="testClass" value="com.qait.tests.NotificationsTest"/>
                <label name="testMethod" value="verify_Selecting_IndividualStudent_redirects_toTheCorrectPage"/>
                <label name="host" value="faizejafri-Vostro-15-3568"/>
                <label name="thread" value="168112@faizejafri-Vostro-15-3568.main(1)"/>
            </labels>
        </test-case>
        <test-case start="1615962558114" stop="1615962560190" status="passed">
            <name>verify_Selecting_IndividualStudent_redirects_toTheCorrectPage</name>
            <steps/>
            <attachments/>
            <labels>
                <label name="testSuite" value="Default suite"/>
                <label name="testGroup" value="Default test"/>
                <label name="testClass" value="com.qait.tests.NotificationsTest"/>
                <label name="testMethod" value="verify_Selecting_IndividualStudent_redirects_toTheCorrectPage"/>
                <label name="host" value="faizejafri-Vostro-15-3568"/>
                <label name="thread" value="168112@faizejafri-Vostro-15-3568.main(1)"/>
            </labels>
        </test-case>
        <test-case start="1615962560197" stop="1615962562258" status="passed">
            <name>verify_Selecting_EntireSection_redirects_toTheCorrectPage</name>
            <steps/>
            <attachments/>
            <labels>
                <label name="testSuite" value="Default suite"/>
                <label name="testGroup" value="Default test"/>
                <label name="testClass" value="com.qait.tests.NotificationsTest"/>
                <label name="testMethod" value="verify_Selecting_EntireSection_redirects_toTheCorrectPage"/>
                <label name="host" value="faizejafri-Vostro-15-3568"/>
                <label name="thread" value="168112@faizejafri-Vostro-15-3568.main(1)"/>
            </labels>
        </test-case>
        <test-case start="1615962560197" stop="1615962562258" status="passed">
            <name>verify_Selecting_EntireSection_redirects_toTheCorrectPage</name>
            <steps/>
            <attachments/>
            <labels>
                <label name="testSuite" value="Default suite"/>
                <label name="testGroup" value="Default test"/>
                <label name="testClass" value="com.qait.tests.NotificationsTest"/>
                <label name="testMethod" value="verify_Selecting_EntireSection_redirects_toTheCorrectPage"/>
                <label name="host" value="faizejafri-Vostro-15-3568"/>
                <label name="thread" value="168112@faizejafri-Vostro-15-3568.main(1)"/>
            </labels>
        </test-case>
        <test-case start="1615962562266" stop="1615962566557" status="passed">
            <name>verify_Classes_are_functional_under_IndividualStudentSelection</name>
            <steps/>
            <attachments/>
            <labels>
                <label name="testSuite" value="Default suite"/>
                <label name="testGroup" value="Default test"/>
                <label name="testClass" value="com.qait.tests.NotificationsTest"/>
                <label name="testMethod" value="verify_Classes_are_functional_under_IndividualStudentSelection"/>
                <label name="host" value="faizejafri-Vostro-15-3568"/>
                <label name="thread" value="168112@faizejafri-Vostro-15-3568.main(1)"/>
            </labels>
        </test-case>
        <test-case start="1615962562266" stop="1615962566557" status="passed">
            <name>verify_Classes_are_functional_under_IndividualStudentSelection</name>
            <steps/>
            <attachments/>
            <labels>
                <label name="testSuite" value="Default suite"/>
                <label name="testGroup" value="Default test"/>
                <label name="testClass" value="com.qait.tests.NotificationsTest"/>
                <label name="testMethod" value="verify_Classes_are_functional_under_IndividualStudentSelection"/>
                <label name="host" value="faizejafri-Vostro-15-3568"/>
                <label name="thread" value="168112@faizejafri-Vostro-15-3568.main(1)"/>
            </labels>
        </test-case>
        <test-case start="1615962566577" stop="1615962580844" status="passed">
            <name>verify_User_is_able_to_Select_AtleastOne_Student_from_IndividualStudentSelection_Class6A</name>
            <steps/>
            <attachments/>
            <labels>
                <label name="testSuite" value="Default suite"/>
                <label name="testGroup" value="Default test"/>
                <label name="testClass" value="com.qait.tests.NotificationsTest"/>
                <label name="testMethod" value="verify_User_is_able_to_Select_AtleastOne_Student_from_IndividualStudentSelection_Class6A"/>
                <label name="host" value="faizejafri-Vostro-15-3568"/>
                <label name="thread" value="168112@faizejafri-Vostro-15-3568.main(1)"/>
            </labels>
        </test-case>
        <test-case start="1615962566577" stop="1615962580844" status="passed">
            <name>verify_User_is_able_to_Select_AtleastOne_Student_from_IndividualStudentSelection_Class6A</name>
            <steps/>
            <attachments/>
            <labels>
                <label name="testSuite" value="Default suite"/>
                <label name="testGroup" value="Default test"/>
                <label name="testClass" value="com.qait.tests.NotificationsTest"/>
                <label name="testMethod" value="verify_User_is_able_to_Select_AtleastOne_Student_from_IndividualStudentSelection_Class6A"/>
                <label name="host" value="faizejafri-Vostro-15-3568"/>
                <label name="thread" value="168112@faizejafri-Vostro-15-3568.main(1)"/>
            </labels>
        </test-case>
        <test-case start="1615962580862" stop="1615962595525" status="passed">
            <name>verify_User_is_able_to_Select_AtleastOne_Student_from_IndividualStudentSelection_Class6B</name>
            <steps/>
            <attachments/>
            <labels>
                <label name="testSuite" value="Default suite"/>
                <label name="testGroup" value="Default test"/>
                <label name="testClass" value="com.qait.tests.NotificationsTest"/>
                <label name="testMethod" value="verify_User_is_able_to_Select_AtleastOne_Student_from_IndividualStudentSelection_Class6B"/>
                <label name="host" value="faizejafri-Vostro-15-3568"/>
                <label name="thread" value="168112@faizejafri-Vostro-15-3568.main(1)"/>
            </labels>
        </test-case>
        <test-case start="1615962580862" stop="1615962595525" status="passed">
            <name>verify_User_is_able_to_Select_AtleastOne_Student_from_IndividualStudentSelection_Class6B</name>
            <steps/>
            <attachments/>
            <labels>
                <label name="testSuite" value="Default suite"/>
                <label name="testGroup" value="Default test"/>
                <label name="testClass" value="com.qait.tests.NotificationsTest"/>
                <label name="testMethod" value="verify_User_is_able_to_Select_AtleastOne_Student_from_IndividualStudentSelection_Class6B"/>
                <label name="host" value="faizejafri-Vostro-15-3568"/>
                <label name="thread" value="168112@faizejafri-Vostro-15-3568.main(1)"/>
            </labels>
        </test-case>
        <test-case start="1615962595542" stop="1615962609072" status="passed">
            <name>verify_User_is_able_to_Select_AtleastOne_Student_from_IndividualStudentSelection_Class6C</name>
            <steps/>
            <attachments/>
            <labels>
                <label name="testSuite" value="Default suite"/>
                <label name="testGroup" value="Default test"/>
                <label name="testClass" value="com.qait.tests.NotificationsTest"/>
                <label name="testMethod" value="verify_User_is_able_to_Select_AtleastOne_Student_from_IndividualStudentSelection_Class6C"/>
                <label name="host" value="faizejafri-Vostro-15-3568"/>
                <label name="thread" value="168112@faizejafri-Vostro-15-3568.main(1)"/>
            </labels>
        </test-case>
        <test-case start="1615962595542" stop="1615962609072" status="passed">
            <name>verify_User_is_able_to_Select_AtleastOne_Student_from_IndividualStudentSelection_Class6C</name>
            <steps/>
            <attachments/>
            <labels>
                <label name="testSuite" value="Default suite"/>
                <label name="testGroup" value="Default test"/>
                <label name="testClass" value="com.qait.tests.NotificationsTest"/>
                <label name="testMethod" value="verify_User_is_able_to_Select_AtleastOne_Student_from_IndividualStudentSelection_Class6C"/>
                <label name="host" value="faizejafri-Vostro-15-3568"/>
                <label name="thread" value="168112@faizejafri-Vostro-15-3568.main(1)"/>
            </labels>
        </test-case>
        <test-case start="1615962609093" stop="1615962670018" status="failed">
            <name>verify_Error_Displayed_Before_Selecting_AtleastOneStudent_from_IndividualStudentSelection</name>
            <failure>
                <message>AssertionError: [ASSERT FAILED]: Element error_PleaseSelectStudent not found on the Notifications !!!</message>
                <stack-trace>java.lang.AssertionError: [ASSERT FAILED]: Element error_PleaseSelectStudent not found on the Notifications !!!
	at org.testng.Assert.fail(Assert.java:94)
	at com.qait.automation.getpageobjects.GetPage.element(GetPage.java:146)
	at com.qait.automation.getpageobjects.GetPage.element(GetPage.java:133)
	at com.qait.keywords.NotificationAction.verify_StudentError(NotificationAction.java:176)
	at com.qait.tests.NotificationsTest.verify_Error_Displayed_Before_Selecting_AtleastOneStudent_from_IndividualStudentSelection(NotificationsTest.java:135)
	at sun.reflect.NativeMethodAccessorImpl.invoke0(Native Method)
	at sun.reflect.NativeMethodAccessorImpl.invoke(NativeMethodAccessorImpl.java:62)
	at sun.reflect.DelegatingMethodAccessorImpl.invoke(DelegatingMethodAccessorImpl.java:43)
	at java.lang.reflect.Method.invoke(Method.java:498)
	at org.testng.internal.MethodInvocationHelper.invokeMethod(MethodInvocationHelper.java:84)
	at org.testng.internal.Invoker.invokeMethod(Invoker.java:714)
	at org.testng.internal.Invoker.invokeTestMethod(Invoker.java:901)
	at org.testng.internal.Invoker.invokeTestMethods(Invoker.java:1231)
	at org.testng.internal.TestMethodWorker.invokeTestMethods(TestMethodWorker.java:127)
	at org.testng.internal.TestMethodWorker.run(TestMethodWorker.java:111)
	at org.testng.TestRunner.privateRun(TestRunner.java:767)
	at org.testng.TestRunner.run(TestRunner.java:617)
	at org.testng.SuiteRunner.runTest(SuiteRunner.java:334)
	at org.testng.SuiteRunner.runSequentially(SuiteRunner.java:329)
	at org.testng.SuiteRunner.privateRun(SuiteRunner.java:291)
	at org.testng.SuiteRunner.run(SuiteRunner.java:240)
	at org.testng.SuiteRunnerWorker.runSuite(SuiteRunnerWorker.java:52)
	at org.testng.SuiteRunnerWorker.run(SuiteRunnerWorker.java:86)
	at org.testng.TestNG.runSuitesSequentially(TestNG.java:1224)
	at org.testng.TestNG.runSuitesLocally(TestNG.java:1149)
	at org.testng.TestNG.run(TestNG.java:1057)
	at org.testng.remote.AbstractRemoteTestNG.run(AbstractRemoteTestNG.java:115)
	at org.testng.remote.RemoteTestNG.initAndRun(RemoteTestNG.java:251)
	at org.testng.remote.RemoteTestNG.main(RemoteTestNG.java:77)
</stack-trace>
            </failure>
            <steps/>
            <attachments/>
            <labels>
                <label name="testSuite" value="Default suite"/>
                <label name="testGroup" value="Default test"/>
                <label name="testClass" value="com.qait.tests.NotificationsTest"/>
                <label name="testMethod" value="verify_Error_Displayed_Before_Selecting_AtleastOneStudent_from_IndividualStudentSelection"/>
                <label name="host" value="faizejafri-Vostro-15-3568"/>
                <label name="thread" value="168112@faizejafri-Vostro-15-3568.main(1)"/>
            </labels>
        </test-case>
        <test-case start="1615962609093" stop="1615962670018" status="failed">
            <name>verify_Error_Displayed_Before_Selecting_AtleastOneStudent_from_IndividualStudentSelection</name>
            <failure>
                <message>AssertionError: [ASSERT FAILED]: Element error_PleaseSelectStudent not found on the Notifications !!!</message>
                <stack-trace>java.lang.AssertionError: [ASSERT FAILED]: Element error_PleaseSelectStudent not found on the Notifications !!!
	at org.testng.Assert.fail(Assert.java:94)
	at com.qait.automation.getpageobjects.GetPage.element(GetPage.java:146)
	at com.qait.automation.getpageobjects.GetPage.element(GetPage.java:133)
	at com.qait.keywords.NotificationAction.verify_StudentError(NotificationAction.java:176)
	at com.qait.tests.NotificationsTest.verify_Error_Displayed_Before_Selecting_AtleastOneStudent_from_IndividualStudentSelection(NotificationsTest.java:135)
	at sun.reflect.NativeMethodAccessorImpl.invoke0(Native Method)
	at sun.reflect.NativeMethodAccessorImpl.invoke(NativeMethodAccessorImpl.java:62)
	at sun.reflect.DelegatingMethodAccessorImpl.invoke(DelegatingMethodAccessorImpl.java:43)
	at java.lang.reflect.Method.invoke(Method.java:498)
	at org.testng.internal.MethodInvocationHelper.invokeMethod(MethodInvocationHelper.java:84)
	at org.testng.internal.Invoker.invokeMethod(Invoker.java:714)
	at org.testng.internal.Invoker.invokeTestMethod(Invoker.java:901)
	at org.testng.internal.Invoker.invokeTestMethods(Invoker.java:1231)
	at org.testng.internal.TestMethodWorker.invokeTestMethods(TestMethodWorker.java:127)
	at org.testng.internal.TestMethodWorker.run(TestMethodWorker.java:111)
	at org.testng.TestRunner.privateRun(TestRunner.java:767)
	at org.testng.TestRunner.run(TestRunner.java:617)
	at org.testng.SuiteRunner.runTest(SuiteRunner.java:334)
	at org.testng.SuiteRunner.runSequentially(SuiteRunner.java:329)
	at org.testng.SuiteRunner.privateRun(SuiteRunner.java:291)
	at org.testng.SuiteRunner.run(SuiteRunner.java:240)
	at org.testng.SuiteRunnerWorker.runSuite(SuiteRunnerWorker.java:52)
	at org.testng.SuiteRunnerWorker.run(SuiteRunnerWorker.java:86)
	at org.testng.TestNG.runSuitesSequentially(TestNG.java:1224)
	at org.testng.TestNG.runSuitesLocally(TestNG.java:1149)
	at org.testng.TestNG.run(TestNG.java:1057)
	at org.testng.remote.AbstractRemoteTestNG.run(AbstractRemoteTestNG.java:115)
	at org.testng.remote.RemoteTestNG.initAndRun(RemoteTestNG.java:251)
	at org.testng.remote.RemoteTestNG.main(RemoteTestNG.java:77)
</stack-trace>
            </failure>
            <steps/>
            <attachments/>
            <labels>
                <label name="testSuite" value="Default suite"/>
                <label name="testGroup" value="Default test"/>
                <label name="testClass" value="com.qait.tests.NotificationsTest"/>
                <label name="testMethod" value="verify_Error_Displayed_Before_Selecting_AtleastOneStudent_from_IndividualStudentSelection"/>
                <label name="host" value="faizejafri-Vostro-15-3568"/>
                <label name="thread" value="168112@faizejafri-Vostro-15-3568.main(1)"/>
            </labels>
        </test-case>
    </test-cases>
    <labels>
        <label name="framework" value="TestNG"/>
        <label name="language" value="JAVA"/>
    </labels>
</ns2:test-suite>
