<?xml version="1.0" encoding="UTF-8" standalone="yes"?>
<ns2:test-suite start="1616562529694" stop="1616563055988" version="1.5.0" xmlns:ns2="urn:model.allure.qatools.yandex.ru">
    <name>Default suite : Default test</name>
    <title>Default suite : Default test</title>
    <test-cases>
        <test-case start="1616562534567" stop="1616562547652" status="passed">
            <name>Login</name>
            <steps/>
            <attachments/>
            <labels>
                <label name="testSuite" value="Default suite"/>
                <label name="testGroup" value="Default test"/>
                <label name="testClass" value="com.qait.tests.HomeworkTest"/>
                <label name="testMethod" value="Login"/>
                <label name="host" value="faizejafri-Vostro-15-3568"/>
                <label name="thread" value="80973@faizejafri-Vostro-15-3568.main(1)"/>
            </labels>
        </test-case>
        <test-case start="1616562534567" stop="1616562547652" status="passed">
            <name>Login</name>
            <steps/>
            <attachments/>
            <labels>
                <label name="testSuite" value="Default suite"/>
                <label name="testGroup" value="Default test"/>
                <label name="testClass" value="com.qait.tests.HomeworkTest"/>
                <label name="testMethod" value="Login"/>
                <label name="host" value="faizejafri-Vostro-15-3568"/>
                <label name="thread" value="80973@faizejafri-Vostro-15-3568.main(1)"/>
            </labels>
        </test-case>
        <test-case start="1616562547678" stop="1616562548185" status="passed">
            <name>Verify_Homework_Page</name>
            <steps/>
            <attachments/>
            <labels>
                <label name="testSuite" value="Default suite"/>
                <label name="testGroup" value="Default test"/>
                <label name="testClass" value="com.qait.tests.HomeworkTest"/>
                <label name="testMethod" value="Verify_Homework_Page"/>
                <label name="host" value="faizejafri-Vostro-15-3568"/>
                <label name="thread" value="80973@faizejafri-Vostro-15-3568.main(1)"/>
            </labels>
        </test-case>
        <test-case start="1616562547678" stop="1616562548185" status="passed">
            <name>Verify_Homework_Page</name>
            <steps/>
            <attachments/>
            <labels>
                <label name="testSuite" value="Default suite"/>
                <label name="testGroup" value="Default test"/>
                <label name="testClass" value="com.qait.tests.HomeworkTest"/>
                <label name="testMethod" value="Verify_Homework_Page"/>
                <label name="host" value="faizejafri-Vostro-15-3568"/>
                <label name="thread" value="80973@faizejafri-Vostro-15-3568.main(1)"/>
            </labels>
        </test-case>
        <test-case start="1616562548197" stop="1616562548299" status="passed">
            <name>verify_CreateHomework_Link_isDisplayed</name>
            <steps/>
            <attachments/>
            <labels>
                <label name="testSuite" value="Default suite"/>
                <label name="testGroup" value="Default test"/>
                <label name="testClass" value="com.qait.tests.HomeworkTest"/>
                <label name="testMethod" value="verify_CreateHomework_Link_isDisplayed"/>
                <label name="host" value="faizejafri-Vostro-15-3568"/>
                <label name="thread" value="80973@faizejafri-Vostro-15-3568.main(1)"/>
            </labels>
        </test-case>
        <test-case start="1616562548197" stop="1616562548299" status="passed">
            <name>verify_CreateHomework_Link_isDisplayed</name>
            <steps/>
            <attachments/>
            <labels>
                <label name="testSuite" value="Default suite"/>
                <label name="testGroup" value="Default test"/>
                <label name="testClass" value="com.qait.tests.HomeworkTest"/>
                <label name="testMethod" value="verify_CreateHomework_Link_isDisplayed"/>
                <label name="host" value="faizejafri-Vostro-15-3568"/>
                <label name="thread" value="80973@faizejafri-Vostro-15-3568.main(1)"/>
            </labels>
        </test-case>
        <test-case start="1616562548320" stop="1616562554108" status="passed">
            <name>verify_CreateHomework_link_redirects_Correctly</name>
            <steps/>
            <attachments/>
            <labels>
                <label name="testSuite" value="Default suite"/>
                <label name="testGroup" value="Default test"/>
                <label name="testClass" value="com.qait.tests.HomeworkTest"/>
                <label name="testMethod" value="verify_CreateHomework_link_redirects_Correctly"/>
                <label name="host" value="faizejafri-Vostro-15-3568"/>
                <label name="thread" value="80973@faizejafri-Vostro-15-3568.main(1)"/>
            </labels>
        </test-case>
        <test-case start="1616562548320" stop="1616562554108" status="passed">
            <name>verify_CreateHomework_link_redirects_Correctly</name>
            <steps/>
            <attachments/>
            <labels>
                <label name="testSuite" value="Default suite"/>
                <label name="testGroup" value="Default test"/>
                <label name="testClass" value="com.qait.tests.HomeworkTest"/>
                <label name="testMethod" value="verify_CreateHomework_link_redirects_Correctly"/>
                <label name="host" value="faizejafri-Vostro-15-3568"/>
                <label name="thread" value="80973@faizejafri-Vostro-15-3568.main(1)"/>
            </labels>
        </test-case>
        <test-case start="1616562554116" stop="1616562554182" status="passed">
            <name>verify_Next_Button</name>
            <steps/>
            <attachments/>
            <labels>
                <label name="testSuite" value="Default suite"/>
                <label name="testGroup" value="Default test"/>
                <label name="testClass" value="com.qait.tests.HomeworkTest"/>
                <label name="testMethod" value="verify_Next_Button"/>
                <label name="host" value="faizejafri-Vostro-15-3568"/>
                <label name="thread" value="80973@faizejafri-Vostro-15-3568.main(1)"/>
            </labels>
        </test-case>
        <test-case start="1616562554116" stop="1616562554182" status="passed">
            <name>verify_Next_Button</name>
            <steps/>
            <attachments/>
            <labels>
                <label name="testSuite" value="Default suite"/>
                <label name="testGroup" value="Default test"/>
                <label name="testClass" value="com.qait.tests.HomeworkTest"/>
                <label name="testMethod" value="verify_Next_Button"/>
                <label name="host" value="faizejafri-Vostro-15-3568"/>
                <label name="thread" value="80973@faizejafri-Vostro-15-3568.main(1)"/>
            </labels>
        </test-case>
        <test-case start="1616562554190" stop="1616562555184" status="passed">
            <name>Verify_Fields_CreateHomework</name>
            <steps/>
            <attachments/>
            <labels>
                <label name="testSuite" value="Default suite"/>
                <label name="testGroup" value="Default test"/>
                <label name="testClass" value="com.qait.tests.HomeworkTest"/>
                <label name="testMethod" value="Verify_Fields_CreateHomework"/>
                <label name="host" value="faizejafri-Vostro-15-3568"/>
                <label name="thread" value="80973@faizejafri-Vostro-15-3568.main(1)"/>
            </labels>
        </test-case>
        <test-case start="1616562554190" stop="1616562555184" status="passed">
            <name>Verify_Fields_CreateHomework</name>
            <steps/>
            <attachments/>
            <labels>
                <label name="testSuite" value="Default suite"/>
                <label name="testGroup" value="Default test"/>
                <label name="testClass" value="com.qait.tests.HomeworkTest"/>
                <label name="testMethod" value="Verify_Fields_CreateHomework"/>
                <label name="host" value="faizejafri-Vostro-15-3568"/>
                <label name="thread" value="80973@faizejafri-Vostro-15-3568.main(1)"/>
            </labels>
        </test-case>
        <test-case start="1616562555192" stop="1616562557001" status="passed">
            <name>validate_Dropdowns_Fields</name>
            <steps/>
            <attachments/>
            <labels>
                <label name="testSuite" value="Default suite"/>
                <label name="testGroup" value="Default test"/>
                <label name="testClass" value="com.qait.tests.HomeworkTest"/>
                <label name="testMethod" value="validate_Dropdowns_Fields"/>
                <label name="host" value="faizejafri-Vostro-15-3568"/>
                <label name="thread" value="80973@faizejafri-Vostro-15-3568.main(1)"/>
            </labels>
        </test-case>
        <test-case start="1616562555192" stop="1616562557001" status="passed">
            <name>validate_Dropdowns_Fields</name>
            <steps/>
            <attachments/>
            <labels>
                <label name="testSuite" value="Default suite"/>
                <label name="testGroup" value="Default test"/>
                <label name="testClass" value="com.qait.tests.HomeworkTest"/>
                <label name="testMethod" value="validate_Dropdowns_Fields"/>
                <label name="host" value="faizejafri-Vostro-15-3568"/>
                <label name="thread" value="80973@faizejafri-Vostro-15-3568.main(1)"/>
            </labels>
        </test-case>
        <test-case start="1616562557019" stop="1616562565477" status="passed">
            <name>verify_Selecting_Quiz_as_HomeworkType_redirects_user_to_CorrectPage</name>
            <steps/>
            <attachments/>
            <labels>
                <label name="testSuite" value="Default suite"/>
                <label name="testGroup" value="Default test"/>
                <label name="testClass" value="com.qait.tests.HomeworkTest"/>
                <label name="testMethod" value="verify_Selecting_Quiz_as_HomeworkType_redirects_user_to_CorrectPage"/>
                <label name="host" value="faizejafri-Vostro-15-3568"/>
                <label name="thread" value="80973@faizejafri-Vostro-15-3568.main(1)"/>
            </labels>
        </test-case>
        <test-case start="1616562557019" stop="1616562565477" status="passed">
            <name>verify_Selecting_Quiz_as_HomeworkType_redirects_user_to_CorrectPage</name>
            <steps/>
            <attachments/>
            <labels>
                <label name="testSuite" value="Default suite"/>
                <label name="testGroup" value="Default test"/>
                <label name="testClass" value="com.qait.tests.HomeworkTest"/>
                <label name="testMethod" value="verify_Selecting_Quiz_as_HomeworkType_redirects_user_to_CorrectPage"/>
                <label name="host" value="faizejafri-Vostro-15-3568"/>
                <label name="thread" value="80973@faizejafri-Vostro-15-3568.main(1)"/>
            </labels>
        </test-case>
        <test-case start="1616562565484" stop="1616562573837" status="passed">
            <name>verify_Selecting_Assignment_as_HomeworkType_redirects_user_to_CorrectPage</name>
            <steps/>
            <attachments/>
            <labels>
                <label name="testSuite" value="Default suite"/>
                <label name="testGroup" value="Default test"/>
                <label name="testClass" value="com.qait.tests.HomeworkTest"/>
                <label name="testMethod" value="verify_Selecting_Assignment_as_HomeworkType_redirects_user_to_CorrectPage"/>
                <label name="host" value="faizejafri-Vostro-15-3568"/>
                <label name="thread" value="80973@faizejafri-Vostro-15-3568.main(1)"/>
            </labels>
        </test-case>
        <test-case start="1616562565484" stop="1616562573837" status="passed">
            <name>verify_Selecting_Assignment_as_HomeworkType_redirects_user_to_CorrectPage</name>
            <steps/>
            <attachments/>
            <labels>
                <label name="testSuite" value="Default suite"/>
                <label name="testGroup" value="Default test"/>
                <label name="testClass" value="com.qait.tests.HomeworkTest"/>
                <label name="testMethod" value="verify_Selecting_Assignment_as_HomeworkType_redirects_user_to_CorrectPage"/>
                <label name="host" value="faizejafri-Vostro-15-3568"/>
                <label name="thread" value="80973@faizejafri-Vostro-15-3568.main(1)"/>
            </labels>
        </test-case>
        <test-case start="1616562573845" stop="1616562582377" status="passed">
            <name>verify_CreateQuiz_fields</name>
            <steps/>
            <attachments/>
            <labels>
                <label name="testSuite" value="Default suite"/>
                <label name="testGroup" value="Default test"/>
                <label name="testClass" value="com.qait.tests.HomeworkTest"/>
                <label name="testMethod" value="verify_CreateQuiz_fields"/>
                <label name="host" value="faizejafri-Vostro-15-3568"/>
                <label name="thread" value="80973@faizejafri-Vostro-15-3568.main(1)"/>
            </labels>
        </test-case>
        <test-case start="1616562573845" stop="1616562582377" status="passed">
            <name>verify_CreateQuiz_fields</name>
            <steps/>
            <attachments/>
            <labels>
                <label name="testSuite" value="Default suite"/>
                <label name="testGroup" value="Default test"/>
                <label name="testClass" value="com.qait.tests.HomeworkTest"/>
                <label name="testMethod" value="verify_CreateQuiz_fields"/>
                <label name="host" value="faizejafri-Vostro-15-3568"/>
                <label name="thread" value="80973@faizejafri-Vostro-15-3568.main(1)"/>
            </labels>
        </test-case>
        <test-case start="1616562582383" stop="1616562591692" status="passed">
            <name>verify_user_is_able_to_EnterData_in_CreateQuiz_Fields</name>
            <steps/>
            <attachments/>
            <labels>
                <label name="testSuite" value="Default suite"/>
                <label name="testGroup" value="Default test"/>
                <label name="testClass" value="com.qait.tests.HomeworkTest"/>
                <label name="testMethod" value="verify_user_is_able_to_EnterData_in_CreateQuiz_Fields"/>
                <label name="host" value="faizejafri-Vostro-15-3568"/>
                <label name="thread" value="80973@faizejafri-Vostro-15-3568.main(1)"/>
            </labels>
        </test-case>
        <test-case start="1616562582383" stop="1616562591692" status="passed">
            <name>verify_user_is_able_to_EnterData_in_CreateQuiz_Fields</name>
            <steps/>
            <attachments/>
            <labels>
                <label name="testSuite" value="Default suite"/>
                <label name="testGroup" value="Default test"/>
                <label name="testClass" value="com.qait.tests.HomeworkTest"/>
                <label name="testMethod" value="verify_user_is_able_to_EnterData_in_CreateQuiz_Fields"/>
                <label name="host" value="faizejafri-Vostro-15-3568"/>
                <label name="thread" value="80973@faizejafri-Vostro-15-3568.main(1)"/>
            </labels>
        </test-case>
        <test-case start="1616562591704" stop="1616562601239" status="passed">
            <name>verify_there_are_two_options_available_to_add_Questions</name>
            <steps/>
            <attachments/>
            <labels>
                <label name="testSuite" value="Default suite"/>
                <label name="testGroup" value="Default test"/>
                <label name="testClass" value="com.qait.tests.HomeworkTest"/>
                <label name="testMethod" value="verify_there_are_two_options_available_to_add_Questions"/>
                <label name="host" value="faizejafri-Vostro-15-3568"/>
                <label name="thread" value="80973@faizejafri-Vostro-15-3568.main(1)"/>
            </labels>
        </test-case>
        <test-case start="1616562591704" stop="1616562601239" status="passed">
            <name>verify_there_are_two_options_available_to_add_Questions</name>
            <steps/>
            <attachments/>
            <labels>
                <label name="testSuite" value="Default suite"/>
                <label name="testGroup" value="Default test"/>
                <label name="testClass" value="com.qait.tests.HomeworkTest"/>
                <label name="testMethod" value="verify_there_are_two_options_available_to_add_Questions"/>
                <label name="host" value="faizejafri-Vostro-15-3568"/>
                <label name="thread" value="80973@faizejafri-Vostro-15-3568.main(1)"/>
            </labels>
        </test-case>
        <test-case start="1616562601245" stop="1616562611216" status="passed">
            <name>verify_that_ImportFromQuestionBank_opens_aPopup_with_3_fields</name>
            <steps/>
            <attachments/>
            <labels>
                <label name="testSuite" value="Default suite"/>
                <label name="testGroup" value="Default test"/>
                <label name="testClass" value="com.qait.tests.HomeworkTest"/>
                <label name="testMethod" value="verify_that_ImportFromQuestionBank_opens_aPopup_with_3_fields"/>
                <label name="host" value="faizejafri-Vostro-15-3568"/>
                <label name="thread" value="80973@faizejafri-Vostro-15-3568.main(1)"/>
            </labels>
        </test-case>
        <test-case start="1616562601245" stop="1616562611216" status="passed">
            <name>verify_that_ImportFromQuestionBank_opens_aPopup_with_3_fields</name>
            <steps/>
            <attachments/>
            <labels>
                <label name="testSuite" value="Default suite"/>
                <label name="testGroup" value="Default test"/>
                <label name="testClass" value="com.qait.tests.HomeworkTest"/>
                <label name="testMethod" value="verify_that_ImportFromQuestionBank_opens_aPopup_with_3_fields"/>
                <label name="host" value="faizejafri-Vostro-15-3568"/>
                <label name="thread" value="80973@faizejafri-Vostro-15-3568.main(1)"/>
            </labels>
        </test-case>
        <test-case start="1616562611222" stop="1616562624638" status="passed">
            <name>verify_user_is_able_to_select_fromDropdown</name>
            <steps/>
            <attachments/>
            <labels>
                <label name="testSuite" value="Default suite"/>
                <label name="testGroup" value="Default test"/>
                <label name="testClass" value="com.qait.tests.HomeworkTest"/>
                <label name="testMethod" value="verify_user_is_able_to_select_fromDropdown"/>
                <label name="host" value="faizejafri-Vostro-15-3568"/>
                <label name="thread" value="80973@faizejafri-Vostro-15-3568.main(1)"/>
            </labels>
        </test-case>
        <test-case start="1616562611222" stop="1616562624638" status="passed">
            <name>verify_user_is_able_to_select_fromDropdown</name>
            <steps/>
            <attachments/>
            <labels>
                <label name="testSuite" value="Default suite"/>
                <label name="testGroup" value="Default test"/>
                <label name="testClass" value="com.qait.tests.HomeworkTest"/>
                <label name="testMethod" value="verify_user_is_able_to_select_fromDropdown"/>
                <label name="host" value="faizejafri-Vostro-15-3568"/>
                <label name="thread" value="80973@faizejafri-Vostro-15-3568.main(1)"/>
            </labels>
        </test-case>
        <test-case start="1616562624654" stop="1616562638459" status="passed">
            <name>verify_Questions_gets_displayed_onClicking_Apply</name>
            <steps/>
            <attachments/>
            <labels>
                <label name="testSuite" value="Default suite"/>
                <label name="testGroup" value="Default test"/>
                <label name="testClass" value="com.qait.tests.HomeworkTest"/>
                <label name="testMethod" value="verify_Questions_gets_displayed_onClicking_Apply"/>
                <label name="host" value="faizejafri-Vostro-15-3568"/>
                <label name="thread" value="80973@faizejafri-Vostro-15-3568.main(1)"/>
            </labels>
        </test-case>
        <test-case start="1616562624654" stop="1616562638459" status="passed">
            <name>verify_Questions_gets_displayed_onClicking_Apply</name>
            <steps/>
            <attachments/>
            <labels>
                <label name="testSuite" value="Default suite"/>
                <label name="testGroup" value="Default test"/>
                <label name="testClass" value="com.qait.tests.HomeworkTest"/>
                <label name="testMethod" value="verify_Questions_gets_displayed_onClicking_Apply"/>
                <label name="host" value="faizejafri-Vostro-15-3568"/>
                <label name="thread" value="80973@faizejafri-Vostro-15-3568.main(1)"/>
            </labels>
        </test-case>
        <test-case start="1616562638467" stop="1616562699294" status="failed">
            <name>verify_that_user_is_able_to_PickQuestions</name>
            <failure>
                <message>AssertionError: [ASSERT FAILED]: Element a_CreateHomework not found on the Homework !!!</message>
                <stack-trace>java.lang.AssertionError: [ASSERT FAILED]: Element a_CreateHomework not found on the Homework !!!
	at org.testng.Assert.fail(Assert.java:94)
	at com.qait.automation.getpageobjects.GetPage.element(GetPage.java:146)
	at com.qait.automation.getpageobjects.GetPage.element(GetPage.java:133)
	at com.qait.keywords.HomeworkAction.click_onCreateHomeworkLink(HomeworkAction.java:41)
	at com.qait.tests.HomeworkTest.verify_that_user_is_able_to_PickQuestions(HomeworkTest.java:202)
	at sun.reflect.NativeMethodAccessorImpl.invoke0(Native Method)
	at sun.reflect.NativeMethodAccessorImpl.invoke(NativeMethodAccessorImpl.java:62)
	at sun.reflect.DelegatingMethodAccessorImpl.invoke(DelegatingMethodAccessorImpl.java:43)
	at java.lang.reflect.Method.invoke(Method.java:498)
	at org.testng.internal.MethodInvocationHelper.invokeMethod(MethodInvocationHelper.java:84)
	at org.testng.internal.Invoker.invokeMethod(Invoker.java:714)
	at org.testng.internal.Invoker.invokeTestMethod(Invoker.java:901)
	at org.testng.internal.Invoker.invokeTestMethods(Invoker.java:1231)
	at org.testng.internal.TestMethodWorker.invokeTestMethods(TestMethodWorker.java:127)
	at org.testng.internal.TestMethodWorker.run(TestMethodWorker.java:111)
	at org.testng.TestRunner.privateRun(TestRunner.java:767)
	at org.testng.TestRunner.run(TestRunner.java:617)
	at org.testng.SuiteRunner.runTest(SuiteRunner.java:334)
	at org.testng.SuiteRunner.runSequentially(SuiteRunner.java:329)
	at org.testng.SuiteRunner.privateRun(SuiteRunner.java:291)
	at org.testng.SuiteRunner.run(SuiteRunner.java:240)
	at org.testng.SuiteRunnerWorker.runSuite(SuiteRunnerWorker.java:52)
	at org.testng.SuiteRunnerWorker.run(SuiteRunnerWorker.java:86)
	at org.testng.TestNG.runSuitesSequentially(TestNG.java:1224)
	at org.testng.TestNG.runSuitesLocally(TestNG.java:1149)
	at org.testng.TestNG.run(TestNG.java:1057)
	at org.testng.remote.AbstractRemoteTestNG.run(AbstractRemoteTestNG.java:115)
	at org.testng.remote.RemoteTestNG.initAndRun(RemoteTestNG.java:251)
	at org.testng.remote.RemoteTestNG.main(RemoteTestNG.java:77)
</stack-trace>
            </failure>
            <steps/>
            <attachments/>
            <labels>
                <label name="testSuite" value="Default suite"/>
                <label name="testGroup" value="Default test"/>
                <label name="testClass" value="com.qait.tests.HomeworkTest"/>
                <label name="testMethod" value="verify_that_user_is_able_to_PickQuestions"/>
                <label name="host" value="faizejafri-Vostro-15-3568"/>
                <label name="thread" value="80973@faizejafri-Vostro-15-3568.main(1)"/>
            </labels>
        </test-case>
        <test-case start="1616562638467" stop="1616562699294" status="failed">
            <name>verify_that_user_is_able_to_PickQuestions</name>
            <failure>
                <message>AssertionError: [ASSERT FAILED]: Element a_CreateHomework not found on the Homework !!!</message>
                <stack-trace>java.lang.AssertionError: [ASSERT FAILED]: Element a_CreateHomework not found on the Homework !!!
	at org.testng.Assert.fail(Assert.java:94)
	at com.qait.automation.getpageobjects.GetPage.element(GetPage.java:146)
	at com.qait.automation.getpageobjects.GetPage.element(GetPage.java:133)
	at com.qait.keywords.HomeworkAction.click_onCreateHomeworkLink(HomeworkAction.java:41)
	at com.qait.tests.HomeworkTest.verify_that_user_is_able_to_PickQuestions(HomeworkTest.java:202)
	at sun.reflect.NativeMethodAccessorImpl.invoke0(Native Method)
	at sun.reflect.NativeMethodAccessorImpl.invoke(NativeMethodAccessorImpl.java:62)
	at sun.reflect.DelegatingMethodAccessorImpl.invoke(DelegatingMethodAccessorImpl.java:43)
	at java.lang.reflect.Method.invoke(Method.java:498)
	at org.testng.internal.MethodInvocationHelper.invokeMethod(MethodInvocationHelper.java:84)
	at org.testng.internal.Invoker.invokeMethod(Invoker.java:714)
	at org.testng.internal.Invoker.invokeTestMethod(Invoker.java:901)
	at org.testng.internal.Invoker.invokeTestMethods(Invoker.java:1231)
	at org.testng.internal.TestMethodWorker.invokeTestMethods(TestMethodWorker.java:127)
	at org.testng.internal.TestMethodWorker.run(TestMethodWorker.java:111)
	at org.testng.TestRunner.privateRun(TestRunner.java:767)
	at org.testng.TestRunner.run(TestRunner.java:617)
	at org.testng.SuiteRunner.runTest(SuiteRunner.java:334)
	at org.testng.SuiteRunner.runSequentially(SuiteRunner.java:329)
	at org.testng.SuiteRunner.privateRun(SuiteRunner.java:291)
	at org.testng.SuiteRunner.run(SuiteRunner.java:240)
	at org.testng.SuiteRunnerWorker.runSuite(SuiteRunnerWorker.java:52)
	at org.testng.SuiteRunnerWorker.run(SuiteRunnerWorker.java:86)
	at org.testng.TestNG.runSuitesSequentially(TestNG.java:1224)
	at org.testng.TestNG.runSuitesLocally(TestNG.java:1149)
	at org.testng.TestNG.run(TestNG.java:1057)
	at org.testng.remote.AbstractRemoteTestNG.run(AbstractRemoteTestNG.java:115)
	at org.testng.remote.RemoteTestNG.initAndRun(RemoteTestNG.java:251)
	at org.testng.remote.RemoteTestNG.main(RemoteTestNG.java:77)
</stack-trace>
            </failure>
            <steps/>
            <attachments/>
            <labels>
                <label name="testSuite" value="Default suite"/>
                <label name="testGroup" value="Default test"/>
                <label name="testClass" value="com.qait.tests.HomeworkTest"/>
                <label name="testMethod" value="verify_that_user_is_able_to_PickQuestions"/>
                <label name="host" value="faizejafri-Vostro-15-3568"/>
                <label name="thread" value="80973@faizejafri-Vostro-15-3568.main(1)"/>
            </labels>
        </test-case>
        <test-case start="1616562699312" stop="1616562699693" status="broken">
            <name>verify_that_noOfQuestions_picked_are_added_inHomework</name>
            <failure>
                <message>NullPointerException: null</message>
                <stack-trace>java.lang.NullPointerException
	at com.qait.keywords.HomeworkAction.verify_noOfQuestions_added(HomeworkAction.java:252)
	at com.qait.tests.HomeworkTest.verify_that_noOfQuestions_picked_are_added_inHomework(HomeworkTest.java:234)
	at sun.reflect.NativeMethodAccessorImpl.invoke0(Native Method)
	at sun.reflect.NativeMethodAccessorImpl.invoke(NativeMethodAccessorImpl.java:62)
	at sun.reflect.DelegatingMethodAccessorImpl.invoke(DelegatingMethodAccessorImpl.java:43)
	at java.lang.reflect.Method.invoke(Method.java:498)
	at org.testng.internal.MethodInvocationHelper.invokeMethod(MethodInvocationHelper.java:84)
	at org.testng.internal.Invoker.invokeMethod(Invoker.java:714)
	at org.testng.internal.Invoker.invokeTestMethod(Invoker.java:901)
	at org.testng.internal.Invoker.invokeTestMethods(Invoker.java:1231)
	at org.testng.internal.TestMethodWorker.invokeTestMethods(TestMethodWorker.java:127)
	at org.testng.internal.TestMethodWorker.run(TestMethodWorker.java:111)
	at org.testng.TestRunner.privateRun(TestRunner.java:767)
	at org.testng.TestRunner.run(TestRunner.java:617)
	at org.testng.SuiteRunner.runTest(SuiteRunner.java:334)
	at org.testng.SuiteRunner.runSequentially(SuiteRunner.java:329)
	at org.testng.SuiteRunner.privateRun(SuiteRunner.java:291)
	at org.testng.SuiteRunner.run(SuiteRunner.java:240)
	at org.testng.SuiteRunnerWorker.runSuite(SuiteRunnerWorker.java:52)
	at org.testng.SuiteRunnerWorker.run(SuiteRunnerWorker.java:86)
	at org.testng.TestNG.runSuitesSequentially(TestNG.java:1224)
	at org.testng.TestNG.runSuitesLocally(TestNG.java:1149)
	at org.testng.TestNG.run(TestNG.java:1057)
	at org.testng.remote.AbstractRemoteTestNG.run(AbstractRemoteTestNG.java:115)
	at org.testng.remote.RemoteTestNG.initAndRun(RemoteTestNG.java:251)
	at org.testng.remote.RemoteTestNG.main(RemoteTestNG.java:77)
</stack-trace>
            </failure>
            <steps/>
            <attachments/>
            <labels>
                <label name="testSuite" value="Default suite"/>
                <label name="testGroup" value="Default test"/>
                <label name="testClass" value="com.qait.tests.HomeworkTest"/>
                <label name="testMethod" value="verify_that_noOfQuestions_picked_are_added_inHomework"/>
                <label name="host" value="faizejafri-Vostro-15-3568"/>
                <label name="thread" value="80973@faizejafri-Vostro-15-3568.main(1)"/>
            </labels>
        </test-case>
        <test-case start="1616562699312" stop="1616562699693" status="broken">
            <name>verify_that_noOfQuestions_picked_are_added_inHomework</name>
            <failure>
                <message>NullPointerException: null</message>
                <stack-trace>java.lang.NullPointerException
	at com.qait.keywords.HomeworkAction.verify_noOfQuestions_added(HomeworkAction.java:252)
	at com.qait.tests.HomeworkTest.verify_that_noOfQuestions_picked_are_added_inHomework(HomeworkTest.java:234)
	at sun.reflect.NativeMethodAccessorImpl.invoke0(Native Method)
	at sun.reflect.NativeMethodAccessorImpl.invoke(NativeMethodAccessorImpl.java:62)
	at sun.reflect.DelegatingMethodAccessorImpl.invoke(DelegatingMethodAccessorImpl.java:43)
	at java.lang.reflect.Method.invoke(Method.java:498)
	at org.testng.internal.MethodInvocationHelper.invokeMethod(MethodInvocationHelper.java:84)
	at org.testng.internal.Invoker.invokeMethod(Invoker.java:714)
	at org.testng.internal.Invoker.invokeTestMethod(Invoker.java:901)
	at org.testng.internal.Invoker.invokeTestMethods(Invoker.java:1231)
	at org.testng.internal.TestMethodWorker.invokeTestMethods(TestMethodWorker.java:127)
	at org.testng.internal.TestMethodWorker.run(TestMethodWorker.java:111)
	at org.testng.TestRunner.privateRun(TestRunner.java:767)
	at org.testng.TestRunner.run(TestRunner.java:617)
	at org.testng.SuiteRunner.runTest(SuiteRunner.java:334)
	at org.testng.SuiteRunner.runSequentially(SuiteRunner.java:329)
	at org.testng.SuiteRunner.privateRun(SuiteRunner.java:291)
	at org.testng.SuiteRunner.run(SuiteRunner.java:240)
	at org.testng.SuiteRunnerWorker.runSuite(SuiteRunnerWorker.java:52)
	at org.testng.SuiteRunnerWorker.run(SuiteRunnerWorker.java:86)
	at org.testng.TestNG.runSuitesSequentially(TestNG.java:1224)
	at org.testng.TestNG.runSuitesLocally(TestNG.java:1149)
	at org.testng.TestNG.run(TestNG.java:1057)
	at org.testng.remote.AbstractRemoteTestNG.run(AbstractRemoteTestNG.java:115)
	at org.testng.remote.RemoteTestNG.initAndRun(RemoteTestNG.java:251)
	at org.testng.remote.RemoteTestNG.main(RemoteTestNG.java:77)
</stack-trace>
            </failure>
            <steps/>
            <attachments/>
            <labels>
                <label name="testSuite" value="Default suite"/>
                <label name="testGroup" value="Default test"/>
                <label name="testClass" value="com.qait.tests.HomeworkTest"/>
                <label name="testMethod" value="verify_that_noOfQuestions_picked_are_added_inHomework"/>
                <label name="host" value="faizejafri-Vostro-15-3568"/>
                <label name="thread" value="80973@faizejafri-Vostro-15-3568.main(1)"/>
            </labels>
        </test-case>
        <test-case start="1616562699699" stop="1616563055987" status="broken">
            <name>verify_that_user_isAble_delete_any_Question</name>
            <failure>
                <message>Test was interrupted</message>
            </failure>
            <labels>
                <label name="testSuite" value="Default suite"/>
                <label name="testGroup" value="Default test"/>
                <label name="testClass" value="com.qait.tests.HomeworkTest"/>
                <label name="testMethod" value="verify_that_user_isAble_delete_any_Question"/>
                <label name="host" value="faizejafri-Vostro-15-3568"/>
                <label name="thread" value="80973@faizejafri-Vostro-15-3568.main(1)"/>
            </labels>
        </test-case>
        <test-case start="1616562699699" stop="1616563055987" status="broken">
            <name>verify_that_user_isAble_delete_any_Question</name>
            <failure>
                <message>Test was interrupted</message>
            </failure>
            <labels>
                <label name="testSuite" value="Default suite"/>
                <label name="testGroup" value="Default test"/>
                <label name="testClass" value="com.qait.tests.HomeworkTest"/>
                <label name="testMethod" value="verify_that_user_isAble_delete_any_Question"/>
                <label name="host" value="faizejafri-Vostro-15-3568"/>
                <label name="thread" value="80973@faizejafri-Vostro-15-3568.main(1)"/>
            </labels>
        </test-case>
        <test-case start="1616562529694" stop="1616563055987" status="broken">
            <name>Default suite : Default test</name>
            <title>Default suite : Default test</title>
            <failure>
                <message>Test suite was interrupted, some test cases may be lost</message>
            </failure>
        </test-case>
    </test-cases>
    <labels>
        <label name="framework" value="TestNG"/>
        <label name="language" value="JAVA"/>
    </labels>
</ns2:test-suite>
