<?xml version="1.0" encoding="UTF-8" standalone="yes"?>
<ns2:test-suite start="1616411755487" stop="1616411978323" version="1.5.0" xmlns:ns2="urn:model.allure.qatools.yandex.ru">
    <name>Default suite : Default test</name>
    <title>Default suite : Default test</title>
    <test-cases>
        <test-case start="1616411761240" stop="1616411779672" status="passed">
            <name>Login</name>
            <steps/>
            <attachments/>
            <labels>
                <label name="testSuite" value="Default suite"/>
                <label name="testGroup" value="Default test"/>
                <label name="testClass" value="com.qait.tests.HomeworkTest"/>
                <label name="testMethod" value="Login"/>
                <label name="host" value="faizejafri-Vostro-15-3568"/>
                <label name="thread" value="153449@faizejafri-Vostro-15-3568.main(1)"/>
            </labels>
        </test-case>
        <test-case start="1616411761240" stop="1616411779672" status="passed">
            <name>Login</name>
            <steps/>
            <attachments/>
            <labels>
                <label name="testSuite" value="Default suite"/>
                <label name="testGroup" value="Default test"/>
                <label name="testClass" value="com.qait.tests.HomeworkTest"/>
                <label name="testMethod" value="Login"/>
                <label name="host" value="faizejafri-Vostro-15-3568"/>
                <label name="thread" value="153449@faizejafri-Vostro-15-3568.main(1)"/>
            </labels>
        </test-case>
        <test-case start="1616411779692" stop="1616411780405" status="passed">
            <name>Verify_Homework_Page</name>
            <steps/>
            <attachments/>
            <labels>
                <label name="testSuite" value="Default suite"/>
                <label name="testGroup" value="Default test"/>
                <label name="testClass" value="com.qait.tests.HomeworkTest"/>
                <label name="testMethod" value="Verify_Homework_Page"/>
                <label name="host" value="faizejafri-Vostro-15-3568"/>
                <label name="thread" value="153449@faizejafri-Vostro-15-3568.main(1)"/>
            </labels>
        </test-case>
        <test-case start="1616411779692" stop="1616411780405" status="passed">
            <name>Verify_Homework_Page</name>
            <steps/>
            <attachments/>
            <labels>
                <label name="testSuite" value="Default suite"/>
                <label name="testGroup" value="Default test"/>
                <label name="testClass" value="com.qait.tests.HomeworkTest"/>
                <label name="testMethod" value="Verify_Homework_Page"/>
                <label name="host" value="faizejafri-Vostro-15-3568"/>
                <label name="thread" value="153449@faizejafri-Vostro-15-3568.main(1)"/>
            </labels>
        </test-case>
        <test-case start="1616411780416" stop="1616411780493" status="passed">
            <name>verify_CreateHomework_Link_isDisplayed</name>
            <steps/>
            <attachments/>
            <labels>
                <label name="testSuite" value="Default suite"/>
                <label name="testGroup" value="Default test"/>
                <label name="testClass" value="com.qait.tests.HomeworkTest"/>
                <label name="testMethod" value="verify_CreateHomework_Link_isDisplayed"/>
                <label name="host" value="faizejafri-Vostro-15-3568"/>
                <label name="thread" value="153449@faizejafri-Vostro-15-3568.main(1)"/>
            </labels>
        </test-case>
        <test-case start="1616411780416" stop="1616411780493" status="passed">
            <name>verify_CreateHomework_Link_isDisplayed</name>
            <steps/>
            <attachments/>
            <labels>
                <label name="testSuite" value="Default suite"/>
                <label name="testGroup" value="Default test"/>
                <label name="testClass" value="com.qait.tests.HomeworkTest"/>
                <label name="testMethod" value="verify_CreateHomework_Link_isDisplayed"/>
                <label name="host" value="faizejafri-Vostro-15-3568"/>
                <label name="thread" value="153449@faizejafri-Vostro-15-3568.main(1)"/>
            </labels>
        </test-case>
        <test-case start="1616411780501" stop="1616411786255" status="passed">
            <name>verify_CreateHomework_link_redirects_Correctly</name>
            <steps/>
            <attachments/>
            <labels>
                <label name="testSuite" value="Default suite"/>
                <label name="testGroup" value="Default test"/>
                <label name="testClass" value="com.qait.tests.HomeworkTest"/>
                <label name="testMethod" value="verify_CreateHomework_link_redirects_Correctly"/>
                <label name="host" value="faizejafri-Vostro-15-3568"/>
                <label name="thread" value="153449@faizejafri-Vostro-15-3568.main(1)"/>
            </labels>
        </test-case>
        <test-case start="1616411780501" stop="1616411786255" status="passed">
            <name>verify_CreateHomework_link_redirects_Correctly</name>
            <steps/>
            <attachments/>
            <labels>
                <label name="testSuite" value="Default suite"/>
                <label name="testGroup" value="Default test"/>
                <label name="testClass" value="com.qait.tests.HomeworkTest"/>
                <label name="testMethod" value="verify_CreateHomework_link_redirects_Correctly"/>
                <label name="host" value="faizejafri-Vostro-15-3568"/>
                <label name="thread" value="153449@faizejafri-Vostro-15-3568.main(1)"/>
            </labels>
        </test-case>
        <test-case start="1616411786266" stop="1616411786337" status="passed">
            <name>verify_Next_Button</name>
            <steps/>
            <attachments/>
            <labels>
                <label name="testSuite" value="Default suite"/>
                <label name="testGroup" value="Default test"/>
                <label name="testClass" value="com.qait.tests.HomeworkTest"/>
                <label name="testMethod" value="verify_Next_Button"/>
                <label name="host" value="faizejafri-Vostro-15-3568"/>
                <label name="thread" value="153449@faizejafri-Vostro-15-3568.main(1)"/>
            </labels>
        </test-case>
        <test-case start="1616411786266" stop="1616411786337" status="passed">
            <name>verify_Next_Button</name>
            <steps/>
            <attachments/>
            <labels>
                <label name="testSuite" value="Default suite"/>
                <label name="testGroup" value="Default test"/>
                <label name="testClass" value="com.qait.tests.HomeworkTest"/>
                <label name="testMethod" value="verify_Next_Button"/>
                <label name="host" value="faizejafri-Vostro-15-3568"/>
                <label name="thread" value="153449@faizejafri-Vostro-15-3568.main(1)"/>
            </labels>
        </test-case>
        <test-case start="1616411786345" stop="1616411787371" status="passed">
            <name>Verify_Fields_CreateHomework</name>
            <steps/>
            <attachments/>
            <labels>
                <label name="testSuite" value="Default suite"/>
                <label name="testGroup" value="Default test"/>
                <label name="testClass" value="com.qait.tests.HomeworkTest"/>
                <label name="testMethod" value="Verify_Fields_CreateHomework"/>
                <label name="host" value="faizejafri-Vostro-15-3568"/>
                <label name="thread" value="153449@faizejafri-Vostro-15-3568.main(1)"/>
            </labels>
        </test-case>
        <test-case start="1616411786345" stop="1616411787371" status="passed">
            <name>Verify_Fields_CreateHomework</name>
            <steps/>
            <attachments/>
            <labels>
                <label name="testSuite" value="Default suite"/>
                <label name="testGroup" value="Default test"/>
                <label name="testClass" value="com.qait.tests.HomeworkTest"/>
                <label name="testMethod" value="Verify_Fields_CreateHomework"/>
                <label name="host" value="faizejafri-Vostro-15-3568"/>
                <label name="thread" value="153449@faizejafri-Vostro-15-3568.main(1)"/>
            </labels>
        </test-case>
        <test-case start="1616411787379" stop="1616411789182" status="passed">
            <name>validate_Dropdowns_Fields</name>
            <steps/>
            <attachments/>
            <labels>
                <label name="testSuite" value="Default suite"/>
                <label name="testGroup" value="Default test"/>
                <label name="testClass" value="com.qait.tests.HomeworkTest"/>
                <label name="testMethod" value="validate_Dropdowns_Fields"/>
                <label name="host" value="faizejafri-Vostro-15-3568"/>
                <label name="thread" value="153449@faizejafri-Vostro-15-3568.main(1)"/>
            </labels>
        </test-case>
        <test-case start="1616411787379" stop="1616411789182" status="passed">
            <name>validate_Dropdowns_Fields</name>
            <steps/>
            <attachments/>
            <labels>
                <label name="testSuite" value="Default suite"/>
                <label name="testGroup" value="Default test"/>
                <label name="testClass" value="com.qait.tests.HomeworkTest"/>
                <label name="testMethod" value="validate_Dropdowns_Fields"/>
                <label name="host" value="faizejafri-Vostro-15-3568"/>
                <label name="thread" value="153449@faizejafri-Vostro-15-3568.main(1)"/>
            </labels>
        </test-case>
        <test-case start="1616411789200" stop="1616411797712" status="passed">
            <name>verify_Selecting_Quiz_as_HomeworkType_redirects_user_to_CorrectPage</name>
            <steps/>
            <attachments/>
            <labels>
                <label name="testSuite" value="Default suite"/>
                <label name="testGroup" value="Default test"/>
                <label name="testClass" value="com.qait.tests.HomeworkTest"/>
                <label name="testMethod" value="verify_Selecting_Quiz_as_HomeworkType_redirects_user_to_CorrectPage"/>
                <label name="host" value="faizejafri-Vostro-15-3568"/>
                <label name="thread" value="153449@faizejafri-Vostro-15-3568.main(1)"/>
            </labels>
        </test-case>
        <test-case start="1616411789200" stop="1616411797712" status="passed">
            <name>verify_Selecting_Quiz_as_HomeworkType_redirects_user_to_CorrectPage</name>
            <steps/>
            <attachments/>
            <labels>
                <label name="testSuite" value="Default suite"/>
                <label name="testGroup" value="Default test"/>
                <label name="testClass" value="com.qait.tests.HomeworkTest"/>
                <label name="testMethod" value="verify_Selecting_Quiz_as_HomeworkType_redirects_user_to_CorrectPage"/>
                <label name="host" value="faizejafri-Vostro-15-3568"/>
                <label name="thread" value="153449@faizejafri-Vostro-15-3568.main(1)"/>
            </labels>
        </test-case>
        <test-case start="1616411797719" stop="1616411805993" status="passed">
            <name>verify_Selecting_Assignment_as_HomeworkType_redirects_user_to_CorrectPage</name>
            <steps/>
            <attachments/>
            <labels>
                <label name="testSuite" value="Default suite"/>
                <label name="testGroup" value="Default test"/>
                <label name="testClass" value="com.qait.tests.HomeworkTest"/>
                <label name="testMethod" value="verify_Selecting_Assignment_as_HomeworkType_redirects_user_to_CorrectPage"/>
                <label name="host" value="faizejafri-Vostro-15-3568"/>
                <label name="thread" value="153449@faizejafri-Vostro-15-3568.main(1)"/>
            </labels>
        </test-case>
        <test-case start="1616411797719" stop="1616411805993" status="passed">
            <name>verify_Selecting_Assignment_as_HomeworkType_redirects_user_to_CorrectPage</name>
            <steps/>
            <attachments/>
            <labels>
                <label name="testSuite" value="Default suite"/>
                <label name="testGroup" value="Default test"/>
                <label name="testClass" value="com.qait.tests.HomeworkTest"/>
                <label name="testMethod" value="verify_Selecting_Assignment_as_HomeworkType_redirects_user_to_CorrectPage"/>
                <label name="host" value="faizejafri-Vostro-15-3568"/>
                <label name="thread" value="153449@faizejafri-Vostro-15-3568.main(1)"/>
            </labels>
        </test-case>
        <test-case start="1616411806003" stop="1616411814565" status="passed">
            <name>verify_CreateQuiz_fields</name>
            <steps/>
            <attachments/>
            <labels>
                <label name="testSuite" value="Default suite"/>
                <label name="testGroup" value="Default test"/>
                <label name="testClass" value="com.qait.tests.HomeworkTest"/>
                <label name="testMethod" value="verify_CreateQuiz_fields"/>
                <label name="host" value="faizejafri-Vostro-15-3568"/>
                <label name="thread" value="153449@faizejafri-Vostro-15-3568.main(1)"/>
            </labels>
        </test-case>
        <test-case start="1616411806003" stop="1616411814565" status="passed">
            <name>verify_CreateQuiz_fields</name>
            <steps/>
            <attachments/>
            <labels>
                <label name="testSuite" value="Default suite"/>
                <label name="testGroup" value="Default test"/>
                <label name="testClass" value="com.qait.tests.HomeworkTest"/>
                <label name="testMethod" value="verify_CreateQuiz_fields"/>
                <label name="host" value="faizejafri-Vostro-15-3568"/>
                <label name="thread" value="153449@faizejafri-Vostro-15-3568.main(1)"/>
            </labels>
        </test-case>
        <test-case start="1616411814572" stop="1616411823281" status="passed">
            <name>verify_user_is_able_to_EnterData_in_CreateQuiz_Fields</name>
            <steps/>
            <attachments/>
            <labels>
                <label name="testSuite" value="Default suite"/>
                <label name="testGroup" value="Default test"/>
                <label name="testClass" value="com.qait.tests.HomeworkTest"/>
                <label name="testMethod" value="verify_user_is_able_to_EnterData_in_CreateQuiz_Fields"/>
                <label name="host" value="faizejafri-Vostro-15-3568"/>
                <label name="thread" value="153449@faizejafri-Vostro-15-3568.main(1)"/>
            </labels>
        </test-case>
        <test-case start="1616411814572" stop="1616411823281" status="passed">
            <name>verify_user_is_able_to_EnterData_in_CreateQuiz_Fields</name>
            <steps/>
            <attachments/>
            <labels>
                <label name="testSuite" value="Default suite"/>
                <label name="testGroup" value="Default test"/>
                <label name="testClass" value="com.qait.tests.HomeworkTest"/>
                <label name="testMethod" value="verify_user_is_able_to_EnterData_in_CreateQuiz_Fields"/>
                <label name="host" value="faizejafri-Vostro-15-3568"/>
                <label name="thread" value="153449@faizejafri-Vostro-15-3568.main(1)"/>
            </labels>
        </test-case>
        <test-case start="1616411823290" stop="1616411833197" status="passed">
            <name>verify_there_are_two_options_available_to_add_Questions</name>
            <steps/>
            <attachments/>
            <labels>
                <label name="testSuite" value="Default suite"/>
                <label name="testGroup" value="Default test"/>
                <label name="testClass" value="com.qait.tests.HomeworkTest"/>
                <label name="testMethod" value="verify_there_are_two_options_available_to_add_Questions"/>
                <label name="host" value="faizejafri-Vostro-15-3568"/>
                <label name="thread" value="153449@faizejafri-Vostro-15-3568.main(1)"/>
            </labels>
        </test-case>
        <test-case start="1616411823290" stop="1616411833197" status="passed">
            <name>verify_there_are_two_options_available_to_add_Questions</name>
            <steps/>
            <attachments/>
            <labels>
                <label name="testSuite" value="Default suite"/>
                <label name="testGroup" value="Default test"/>
                <label name="testClass" value="com.qait.tests.HomeworkTest"/>
                <label name="testMethod" value="verify_there_are_two_options_available_to_add_Questions"/>
                <label name="host" value="faizejafri-Vostro-15-3568"/>
                <label name="thread" value="153449@faizejafri-Vostro-15-3568.main(1)"/>
            </labels>
        </test-case>
        <test-case start="1616411833203" stop="1616411842945" status="passed">
            <name>verify_that_ImportFromQuestionBank_opens_aPopup_with_3_fields</name>
            <steps/>
            <attachments/>
            <labels>
                <label name="testSuite" value="Default suite"/>
                <label name="testGroup" value="Default test"/>
                <label name="testClass" value="com.qait.tests.HomeworkTest"/>
                <label name="testMethod" value="verify_that_ImportFromQuestionBank_opens_aPopup_with_3_fields"/>
                <label name="host" value="faizejafri-Vostro-15-3568"/>
                <label name="thread" value="153449@faizejafri-Vostro-15-3568.main(1)"/>
            </labels>
        </test-case>
        <test-case start="1616411833203" stop="1616411842945" status="passed">
            <name>verify_that_ImportFromQuestionBank_opens_aPopup_with_3_fields</name>
            <steps/>
            <attachments/>
            <labels>
                <label name="testSuite" value="Default suite"/>
                <label name="testGroup" value="Default test"/>
                <label name="testClass" value="com.qait.tests.HomeworkTest"/>
                <label name="testMethod" value="verify_that_ImportFromQuestionBank_opens_aPopup_with_3_fields"/>
                <label name="host" value="faizejafri-Vostro-15-3568"/>
                <label name="thread" value="153449@faizejafri-Vostro-15-3568.main(1)"/>
            </labels>
        </test-case>
        <test-case start="1616411842952" stop="1616411903357" status="failed">
            <name>verify_user_is_able_to_select_fromDropdown</name>
            <failure>
                <message>AssertionError: [ASSERT FAILED]: Element a_CreateHomework not found on the Homework !!!</message>
                <stack-trace>java.lang.AssertionError: [ASSERT FAILED]: Element a_CreateHomework not found on the Homework !!!
	at org.testng.Assert.fail(Assert.java:94)
	at com.qait.automation.getpageobjects.GetPage.element(GetPage.java:146)
	at com.qait.automation.getpageobjects.GetPage.element(GetPage.java:133)
	at com.qait.keywords.HomeworkAction.click_onCreateHomeworkLink(HomeworkAction.java:34)
	at com.qait.tests.HomeworkTest.verify_user_is_able_to_select_fromDropdown(HomeworkTest.java:150)
	at sun.reflect.NativeMethodAccessorImpl.invoke0(Native Method)
	at sun.reflect.NativeMethodAccessorImpl.invoke(NativeMethodAccessorImpl.java:62)
	at sun.reflect.DelegatingMethodAccessorImpl.invoke(DelegatingMethodAccessorImpl.java:43)
	at java.lang.reflect.Method.invoke(Method.java:498)
	at org.testng.internal.MethodInvocationHelper.invokeMethod(MethodInvocationHelper.java:84)
	at org.testng.internal.Invoker.invokeMethod(Invoker.java:714)
	at org.testng.internal.Invoker.invokeTestMethod(Invoker.java:901)
	at org.testng.internal.Invoker.invokeTestMethods(Invoker.java:1231)
	at org.testng.internal.TestMethodWorker.invokeTestMethods(TestMethodWorker.java:127)
	at org.testng.internal.TestMethodWorker.run(TestMethodWorker.java:111)
	at org.testng.TestRunner.privateRun(TestRunner.java:767)
	at org.testng.TestRunner.run(TestRunner.java:617)
	at org.testng.SuiteRunner.runTest(SuiteRunner.java:334)
	at org.testng.SuiteRunner.runSequentially(SuiteRunner.java:329)
	at org.testng.SuiteRunner.privateRun(SuiteRunner.java:291)
	at org.testng.SuiteRunner.run(SuiteRunner.java:240)
	at org.testng.SuiteRunnerWorker.runSuite(SuiteRunnerWorker.java:52)
	at org.testng.SuiteRunnerWorker.run(SuiteRunnerWorker.java:86)
	at org.testng.TestNG.runSuitesSequentially(TestNG.java:1224)
	at org.testng.TestNG.runSuitesLocally(TestNG.java:1149)
	at org.testng.TestNG.run(TestNG.java:1057)
	at org.testng.remote.AbstractRemoteTestNG.run(AbstractRemoteTestNG.java:115)
	at org.testng.remote.RemoteTestNG.initAndRun(RemoteTestNG.java:251)
	at org.testng.remote.RemoteTestNG.main(RemoteTestNG.java:77)
</stack-trace>
            </failure>
            <steps/>
            <attachments/>
            <labels>
                <label name="testSuite" value="Default suite"/>
                <label name="testGroup" value="Default test"/>
                <label name="testClass" value="com.qait.tests.HomeworkTest"/>
                <label name="testMethod" value="verify_user_is_able_to_select_fromDropdown"/>
                <label name="host" value="faizejafri-Vostro-15-3568"/>
                <label name="thread" value="153449@faizejafri-Vostro-15-3568.main(1)"/>
            </labels>
        </test-case>
        <test-case start="1616411842952" stop="1616411903357" status="failed">
            <name>verify_user_is_able_to_select_fromDropdown</name>
            <failure>
                <message>AssertionError: [ASSERT FAILED]: Element a_CreateHomework not found on the Homework !!!</message>
                <stack-trace>java.lang.AssertionError: [ASSERT FAILED]: Element a_CreateHomework not found on the Homework !!!
	at org.testng.Assert.fail(Assert.java:94)
	at com.qait.automation.getpageobjects.GetPage.element(GetPage.java:146)
	at com.qait.automation.getpageobjects.GetPage.element(GetPage.java:133)
	at com.qait.keywords.HomeworkAction.click_onCreateHomeworkLink(HomeworkAction.java:34)
	at com.qait.tests.HomeworkTest.verify_user_is_able_to_select_fromDropdown(HomeworkTest.java:150)
	at sun.reflect.NativeMethodAccessorImpl.invoke0(Native Method)
	at sun.reflect.NativeMethodAccessorImpl.invoke(NativeMethodAccessorImpl.java:62)
	at sun.reflect.DelegatingMethodAccessorImpl.invoke(DelegatingMethodAccessorImpl.java:43)
	at java.lang.reflect.Method.invoke(Method.java:498)
	at org.testng.internal.MethodInvocationHelper.invokeMethod(MethodInvocationHelper.java:84)
	at org.testng.internal.Invoker.invokeMethod(Invoker.java:714)
	at org.testng.internal.Invoker.invokeTestMethod(Invoker.java:901)
	at org.testng.internal.Invoker.invokeTestMethods(Invoker.java:1231)
	at org.testng.internal.TestMethodWorker.invokeTestMethods(TestMethodWorker.java:127)
	at org.testng.internal.TestMethodWorker.run(TestMethodWorker.java:111)
	at org.testng.TestRunner.privateRun(TestRunner.java:767)
	at org.testng.TestRunner.run(TestRunner.java:617)
	at org.testng.SuiteRunner.runTest(SuiteRunner.java:334)
	at org.testng.SuiteRunner.runSequentially(SuiteRunner.java:329)
	at org.testng.SuiteRunner.privateRun(SuiteRunner.java:291)
	at org.testng.SuiteRunner.run(SuiteRunner.java:240)
	at org.testng.SuiteRunnerWorker.runSuite(SuiteRunnerWorker.java:52)
	at org.testng.SuiteRunnerWorker.run(SuiteRunnerWorker.java:86)
	at org.testng.TestNG.runSuitesSequentially(TestNG.java:1224)
	at org.testng.TestNG.runSuitesLocally(TestNG.java:1149)
	at org.testng.TestNG.run(TestNG.java:1057)
	at org.testng.remote.AbstractRemoteTestNG.run(AbstractRemoteTestNG.java:115)
	at org.testng.remote.RemoteTestNG.initAndRun(RemoteTestNG.java:251)
	at org.testng.remote.RemoteTestNG.main(RemoteTestNG.java:77)
</stack-trace>
            </failure>
            <steps/>
            <attachments/>
            <labels>
                <label name="testSuite" value="Default suite"/>
                <label name="testGroup" value="Default test"/>
                <label name="testClass" value="com.qait.tests.HomeworkTest"/>
                <label name="testMethod" value="verify_user_is_able_to_select_fromDropdown"/>
                <label name="host" value="faizejafri-Vostro-15-3568"/>
                <label name="thread" value="153449@faizejafri-Vostro-15-3568.main(1)"/>
            </labels>
        </test-case>
        <test-case start="1616411903380" stop="1616411978290" status="failed">
            <name>verify_Questions_gets_displayed_onClicking_Apply</name>
            <failure>
                <message>AssertionError: [ASSERT FAILED]: Element dropdown_SelectValue not found on the Homework !!!</message>
                <stack-trace>java.lang.AssertionError: [ASSERT FAILED]: Element dropdown_SelectValue not found on the Homework !!!
	at org.testng.Assert.fail(Assert.java:94)
	at com.qait.automation.getpageobjects.GetPage.element(GetPage.java:146)
	at com.qait.keywords.HomeworkAction.select_From_Dropdown(HomeworkAction.java:163)
	at com.qait.tests.HomeworkTest.verify_Questions_gets_displayed_onClicking_Apply(HomeworkTest.java:188)
	at sun.reflect.NativeMethodAccessorImpl.invoke0(Native Method)
	at sun.reflect.NativeMethodAccessorImpl.invoke(NativeMethodAccessorImpl.java:62)
	at sun.reflect.DelegatingMethodAccessorImpl.invoke(DelegatingMethodAccessorImpl.java:43)
	at java.lang.reflect.Method.invoke(Method.java:498)
	at org.testng.internal.MethodInvocationHelper.invokeMethod(MethodInvocationHelper.java:84)
	at org.testng.internal.Invoker.invokeMethod(Invoker.java:714)
	at org.testng.internal.Invoker.invokeTestMethod(Invoker.java:901)
	at org.testng.internal.Invoker.invokeTestMethods(Invoker.java:1231)
	at org.testng.internal.TestMethodWorker.invokeTestMethods(TestMethodWorker.java:127)
	at org.testng.internal.TestMethodWorker.run(TestMethodWorker.java:111)
	at org.testng.TestRunner.privateRun(TestRunner.java:767)
	at org.testng.TestRunner.run(TestRunner.java:617)
	at org.testng.SuiteRunner.runTest(SuiteRunner.java:334)
	at org.testng.SuiteRunner.runSequentially(SuiteRunner.java:329)
	at org.testng.SuiteRunner.privateRun(SuiteRunner.java:291)
	at org.testng.SuiteRunner.run(SuiteRunner.java:240)
	at org.testng.SuiteRunnerWorker.runSuite(SuiteRunnerWorker.java:52)
	at org.testng.SuiteRunnerWorker.run(SuiteRunnerWorker.java:86)
	at org.testng.TestNG.runSuitesSequentially(TestNG.java:1224)
	at org.testng.TestNG.runSuitesLocally(TestNG.java:1149)
	at org.testng.TestNG.run(TestNG.java:1057)
	at org.testng.remote.AbstractRemoteTestNG.run(AbstractRemoteTestNG.java:115)
	at org.testng.remote.RemoteTestNG.initAndRun(RemoteTestNG.java:251)
	at org.testng.remote.RemoteTestNG.main(RemoteTestNG.java:77)
</stack-trace>
            </failure>
            <steps/>
            <attachments/>
            <labels>
                <label name="testSuite" value="Default suite"/>
                <label name="testGroup" value="Default test"/>
                <label name="testClass" value="com.qait.tests.HomeworkTest"/>
                <label name="testMethod" value="verify_Questions_gets_displayed_onClicking_Apply"/>
                <label name="host" value="faizejafri-Vostro-15-3568"/>
                <label name="thread" value="153449@faizejafri-Vostro-15-3568.main(1)"/>
            </labels>
        </test-case>
        <test-case start="1616411903380" stop="1616411978290" status="failed">
            <name>verify_Questions_gets_displayed_onClicking_Apply</name>
            <failure>
                <message>AssertionError: [ASSERT FAILED]: Element dropdown_SelectValue not found on the Homework !!!</message>
                <stack-trace>java.lang.AssertionError: [ASSERT FAILED]: Element dropdown_SelectValue not found on the Homework !!!
	at org.testng.Assert.fail(Assert.java:94)
	at com.qait.automation.getpageobjects.GetPage.element(GetPage.java:146)
	at com.qait.keywords.HomeworkAction.select_From_Dropdown(HomeworkAction.java:163)
	at com.qait.tests.HomeworkTest.verify_Questions_gets_displayed_onClicking_Apply(HomeworkTest.java:188)
	at sun.reflect.NativeMethodAccessorImpl.invoke0(Native Method)
	at sun.reflect.NativeMethodAccessorImpl.invoke(NativeMethodAccessorImpl.java:62)
	at sun.reflect.DelegatingMethodAccessorImpl.invoke(DelegatingMethodAccessorImpl.java:43)
	at java.lang.reflect.Method.invoke(Method.java:498)
	at org.testng.internal.MethodInvocationHelper.invokeMethod(MethodInvocationHelper.java:84)
	at org.testng.internal.Invoker.invokeMethod(Invoker.java:714)
	at org.testng.internal.Invoker.invokeTestMethod(Invoker.java:901)
	at org.testng.internal.Invoker.invokeTestMethods(Invoker.java:1231)
	at org.testng.internal.TestMethodWorker.invokeTestMethods(TestMethodWorker.java:127)
	at org.testng.internal.TestMethodWorker.run(TestMethodWorker.java:111)
	at org.testng.TestRunner.privateRun(TestRunner.java:767)
	at org.testng.TestRunner.run(TestRunner.java:617)
	at org.testng.SuiteRunner.runTest(SuiteRunner.java:334)
	at org.testng.SuiteRunner.runSequentially(SuiteRunner.java:329)
	at org.testng.SuiteRunner.privateRun(SuiteRunner.java:291)
	at org.testng.SuiteRunner.run(SuiteRunner.java:240)
	at org.testng.SuiteRunnerWorker.runSuite(SuiteRunnerWorker.java:52)
	at org.testng.SuiteRunnerWorker.run(SuiteRunnerWorker.java:86)
	at org.testng.TestNG.runSuitesSequentially(TestNG.java:1224)
	at org.testng.TestNG.runSuitesLocally(TestNG.java:1149)
	at org.testng.TestNG.run(TestNG.java:1057)
	at org.testng.remote.AbstractRemoteTestNG.run(AbstractRemoteTestNG.java:115)
	at org.testng.remote.RemoteTestNG.initAndRun(RemoteTestNG.java:251)
	at org.testng.remote.RemoteTestNG.main(RemoteTestNG.java:77)
</stack-trace>
            </failure>
            <steps/>
            <attachments/>
            <labels>
                <label name="testSuite" value="Default suite"/>
                <label name="testGroup" value="Default test"/>
                <label name="testClass" value="com.qait.tests.HomeworkTest"/>
                <label name="testMethod" value="verify_Questions_gets_displayed_onClicking_Apply"/>
                <label name="host" value="faizejafri-Vostro-15-3568"/>
                <label name="thread" value="153449@faizejafri-Vostro-15-3568.main(1)"/>
            </labels>
        </test-case>
    </test-cases>
    <labels>
        <label name="framework" value="TestNG"/>
        <label name="language" value="JAVA"/>
    </labels>
</ns2:test-suite>
