<?xml version="1.0" encoding="UTF-8" standalone="yes"?>
<ns2:test-suite start="1615792283580" stop="1615792306685" version="1.5.0" xmlns:ns2="urn:model.allure.qatools.yandex.ru">
    <name>Default suite : Default test</name>
    <title>Default suite : Default test</title>
    <test-cases>
        <test-case start="1615792288263" stop="1615792306624" status="passed">
            <name>Login</name>
            <steps/>
            <attachments/>
            <labels>
                <label name="testSuite" value="Default suite"/>
                <label name="testGroup" value="Default test"/>
                <label name="testClass" value="com.qait.tests.NotificationsTest"/>
                <label name="testMethod" value="Login"/>
                <label name="host" value="faizejafri-Vostro-15-3568"/>
                <label name="thread" value="199400@faizejafri-Vostro-15-3568.main(1)"/>
            </labels>
        </test-case>
        <test-case start="1615792288263" stop="1615792306624" status="passed">
            <name>Login</name>
            <steps/>
            <attachments/>
            <labels>
                <label name="testSuite" value="Default suite"/>
                <label name="testGroup" value="Default test"/>
                <label name="testClass" value="com.qait.tests.NotificationsTest"/>
                <label name="testMethod" value="Login"/>
                <label name="host" value="faizejafri-Vostro-15-3568"/>
                <label name="thread" value="199400@faizejafri-Vostro-15-3568.main(1)"/>
            </labels>
        </test-case>
        <test-case start="1615792306639" stop="1615792306649" status="broken">
            <name>Verify_Notifications_page</name>
            <failure>
                <message>NullPointerException: null</message>
                <stack-trace>java.lang.NullPointerException
	at org.openqa.selenium.support.ui.ExpectedConditions.elementIfVisible(ExpectedConditions.java:301)
	at org.openqa.selenium.support.ui.ExpectedConditions.access$100(ExpectedConditions.java:43)
	at org.openqa.selenium.support.ui.ExpectedConditions$10.apply(ExpectedConditions.java:287)
	at org.openqa.selenium.support.ui.ExpectedConditions$10.apply(ExpectedConditions.java:284)
	at org.openqa.selenium.support.ui.FluentWait.until(FluentWait.java:208)
	at com.qait.automation.utils.SeleniumWait.waitForElementToBeVisible(SeleniumWait.java:57)
	at com.qait.automation.getpageobjects.BaseUi.click(BaseUi.java:365)
	at com.qait.keywords.NotificationAction.click_Notifications_tab(NotificationAction.java:14)
	at com.qait.tests.NotificationsTest.Verify_Notifications_page(NotificationsTest.java:23)
	at sun.reflect.NativeMethodAccessorImpl.invoke0(Native Method)
	at sun.reflect.NativeMethodAccessorImpl.invoke(NativeMethodAccessorImpl.java:62)
	at sun.reflect.DelegatingMethodAccessorImpl.invoke(DelegatingMethodAccessorImpl.java:43)
	at java.lang.reflect.Method.invoke(Method.java:498)
	at org.testng.internal.MethodInvocationHelper.invokeMethod(MethodInvocationHelper.java:84)
	at org.testng.internal.Invoker.invokeMethod(Invoker.java:714)
	at org.testng.internal.Invoker.invokeTestMethod(Invoker.java:901)
	at org.testng.internal.Invoker.invokeTestMethods(Invoker.java:1231)
	at org.testng.internal.TestMethodWorker.invokeTestMethods(TestMethodWorker.java:127)
	at org.testng.internal.TestMethodWorker.run(TestMethodWorker.java:111)
	at org.testng.TestRunner.privateRun(TestRunner.java:767)
	at org.testng.TestRunner.run(TestRunner.java:617)
	at org.testng.SuiteRunner.runTest(SuiteRunner.java:334)
	at org.testng.SuiteRunner.runSequentially(SuiteRunner.java:329)
	at org.testng.SuiteRunner.privateRun(SuiteRunner.java:291)
	at org.testng.SuiteRunner.run(SuiteRunner.java:240)
	at org.testng.SuiteRunnerWorker.runSuite(SuiteRunnerWorker.java:52)
	at org.testng.SuiteRunnerWorker.run(SuiteRunnerWorker.java:86)
	at org.testng.TestNG.runSuitesSequentially(TestNG.java:1224)
	at org.testng.TestNG.runSuitesLocally(TestNG.java:1149)
	at org.testng.TestNG.run(TestNG.java:1057)
	at org.testng.remote.AbstractRemoteTestNG.run(AbstractRemoteTestNG.java:115)
	at org.testng.remote.RemoteTestNG.initAndRun(RemoteTestNG.java:251)
	at org.testng.remote.RemoteTestNG.main(RemoteTestNG.java:77)
</stack-trace>
            </failure>
            <steps/>
            <attachments/>
            <labels>
                <label name="testSuite" value="Default suite"/>
                <label name="testGroup" value="Default test"/>
                <label name="testClass" value="com.qait.tests.NotificationsTest"/>
                <label name="testMethod" value="Verify_Notifications_page"/>
                <label name="host" value="faizejafri-Vostro-15-3568"/>
                <label name="thread" value="199400@faizejafri-Vostro-15-3568.main(1)"/>
            </labels>
        </test-case>
        <test-case start="1615792306639" stop="1615792306649" status="broken">
            <name>Verify_Notifications_page</name>
            <failure>
                <message>NullPointerException: null</message>
                <stack-trace>java.lang.NullPointerException
	at org.openqa.selenium.support.ui.ExpectedConditions.elementIfVisible(ExpectedConditions.java:301)
	at org.openqa.selenium.support.ui.ExpectedConditions.access$100(ExpectedConditions.java:43)
	at org.openqa.selenium.support.ui.ExpectedConditions$10.apply(ExpectedConditions.java:287)
	at org.openqa.selenium.support.ui.ExpectedConditions$10.apply(ExpectedConditions.java:284)
	at org.openqa.selenium.support.ui.FluentWait.until(FluentWait.java:208)
	at com.qait.automation.utils.SeleniumWait.waitForElementToBeVisible(SeleniumWait.java:57)
	at com.qait.automation.getpageobjects.BaseUi.click(BaseUi.java:365)
	at com.qait.keywords.NotificationAction.click_Notifications_tab(NotificationAction.java:14)
	at com.qait.tests.NotificationsTest.Verify_Notifications_page(NotificationsTest.java:23)
	at sun.reflect.NativeMethodAccessorImpl.invoke0(Native Method)
	at sun.reflect.NativeMethodAccessorImpl.invoke(NativeMethodAccessorImpl.java:62)
	at sun.reflect.DelegatingMethodAccessorImpl.invoke(DelegatingMethodAccessorImpl.java:43)
	at java.lang.reflect.Method.invoke(Method.java:498)
	at org.testng.internal.MethodInvocationHelper.invokeMethod(MethodInvocationHelper.java:84)
	at org.testng.internal.Invoker.invokeMethod(Invoker.java:714)
	at org.testng.internal.Invoker.invokeTestMethod(Invoker.java:901)
	at org.testng.internal.Invoker.invokeTestMethods(Invoker.java:1231)
	at org.testng.internal.TestMethodWorker.invokeTestMethods(TestMethodWorker.java:127)
	at org.testng.internal.TestMethodWorker.run(TestMethodWorker.java:111)
	at org.testng.TestRunner.privateRun(TestRunner.java:767)
	at org.testng.TestRunner.run(TestRunner.java:617)
	at org.testng.SuiteRunner.runTest(SuiteRunner.java:334)
	at org.testng.SuiteRunner.runSequentially(SuiteRunner.java:329)
	at org.testng.SuiteRunner.privateRun(SuiteRunner.java:291)
	at org.testng.SuiteRunner.run(SuiteRunner.java:240)
	at org.testng.SuiteRunnerWorker.runSuite(SuiteRunnerWorker.java:52)
	at org.testng.SuiteRunnerWorker.run(SuiteRunnerWorker.java:86)
	at org.testng.TestNG.runSuitesSequentially(TestNG.java:1224)
	at org.testng.TestNG.runSuitesLocally(TestNG.java:1149)
	at org.testng.TestNG.run(TestNG.java:1057)
	at org.testng.remote.AbstractRemoteTestNG.run(AbstractRemoteTestNG.java:115)
	at org.testng.remote.RemoteTestNG.initAndRun(RemoteTestNG.java:251)
	at org.testng.remote.RemoteTestNG.main(RemoteTestNG.java:77)
</stack-trace>
            </failure>
            <steps/>
            <attachments/>
            <labels>
                <label name="testSuite" value="Default suite"/>
                <label name="testGroup" value="Default test"/>
                <label name="testClass" value="com.qait.tests.NotificationsTest"/>
                <label name="testMethod" value="Verify_Notifications_page"/>
                <label name="host" value="faizejafri-Vostro-15-3568"/>
                <label name="thread" value="199400@faizejafri-Vostro-15-3568.main(1)"/>
            </labels>
        </test-case>
        <test-case start="1615792306659" stop="1615792306662" status="broken">
            <name>Verify_OlderTab</name>
            <failure>
                <message>NullPointerException: null</message>
                <stack-trace>java.lang.NullPointerException
	at com.qait.keywords.NotificationAction.verify_OlderTab(NotificationAction.java:27)
	at com.qait.tests.NotificationsTest.Verify_OlderTab(NotificationsTest.java:29)
	at sun.reflect.NativeMethodAccessorImpl.invoke0(Native Method)
	at sun.reflect.NativeMethodAccessorImpl.invoke(NativeMethodAccessorImpl.java:62)
	at sun.reflect.DelegatingMethodAccessorImpl.invoke(DelegatingMethodAccessorImpl.java:43)
	at java.lang.reflect.Method.invoke(Method.java:498)
	at org.testng.internal.MethodInvocationHelper.invokeMethod(MethodInvocationHelper.java:84)
	at org.testng.internal.Invoker.invokeMethod(Invoker.java:714)
	at org.testng.internal.Invoker.invokeTestMethod(Invoker.java:901)
	at org.testng.internal.Invoker.invokeTestMethods(Invoker.java:1231)
	at org.testng.internal.TestMethodWorker.invokeTestMethods(TestMethodWorker.java:127)
	at org.testng.internal.TestMethodWorker.run(TestMethodWorker.java:111)
	at org.testng.TestRunner.privateRun(TestRunner.java:767)
	at org.testng.TestRunner.run(TestRunner.java:617)
	at org.testng.SuiteRunner.runTest(SuiteRunner.java:334)
	at org.testng.SuiteRunner.runSequentially(SuiteRunner.java:329)
	at org.testng.SuiteRunner.privateRun(SuiteRunner.java:291)
	at org.testng.SuiteRunner.run(SuiteRunner.java:240)
	at org.testng.SuiteRunnerWorker.runSuite(SuiteRunnerWorker.java:52)
	at org.testng.SuiteRunnerWorker.run(SuiteRunnerWorker.java:86)
	at org.testng.TestNG.runSuitesSequentially(TestNG.java:1224)
	at org.testng.TestNG.runSuitesLocally(TestNG.java:1149)
	at org.testng.TestNG.run(TestNG.java:1057)
	at org.testng.remote.AbstractRemoteTestNG.run(AbstractRemoteTestNG.java:115)
	at org.testng.remote.RemoteTestNG.initAndRun(RemoteTestNG.java:251)
	at org.testng.remote.RemoteTestNG.main(RemoteTestNG.java:77)
</stack-trace>
            </failure>
            <steps/>
            <attachments/>
            <labels>
                <label name="testSuite" value="Default suite"/>
                <label name="testGroup" value="Default test"/>
                <label name="testClass" value="com.qait.tests.NotificationsTest"/>
                <label name="testMethod" value="Verify_OlderTab"/>
                <label name="host" value="faizejafri-Vostro-15-3568"/>
                <label name="thread" value="199400@faizejafri-Vostro-15-3568.main(1)"/>
            </labels>
        </test-case>
        <test-case start="1615792306659" stop="1615792306662" status="broken">
            <name>Verify_OlderTab</name>
            <failure>
                <message>NullPointerException: null</message>
                <stack-trace>java.lang.NullPointerException
	at com.qait.keywords.NotificationAction.verify_OlderTab(NotificationAction.java:27)
	at com.qait.tests.NotificationsTest.Verify_OlderTab(NotificationsTest.java:29)
	at sun.reflect.NativeMethodAccessorImpl.invoke0(Native Method)
	at sun.reflect.NativeMethodAccessorImpl.invoke(NativeMethodAccessorImpl.java:62)
	at sun.reflect.DelegatingMethodAccessorImpl.invoke(DelegatingMethodAccessorImpl.java:43)
	at java.lang.reflect.Method.invoke(Method.java:498)
	at org.testng.internal.MethodInvocationHelper.invokeMethod(MethodInvocationHelper.java:84)
	at org.testng.internal.Invoker.invokeMethod(Invoker.java:714)
	at org.testng.internal.Invoker.invokeTestMethod(Invoker.java:901)
	at org.testng.internal.Invoker.invokeTestMethods(Invoker.java:1231)
	at org.testng.internal.TestMethodWorker.invokeTestMethods(TestMethodWorker.java:127)
	at org.testng.internal.TestMethodWorker.run(TestMethodWorker.java:111)
	at org.testng.TestRunner.privateRun(TestRunner.java:767)
	at org.testng.TestRunner.run(TestRunner.java:617)
	at org.testng.SuiteRunner.runTest(SuiteRunner.java:334)
	at org.testng.SuiteRunner.runSequentially(SuiteRunner.java:329)
	at org.testng.SuiteRunner.privateRun(SuiteRunner.java:291)
	at org.testng.SuiteRunner.run(SuiteRunner.java:240)
	at org.testng.SuiteRunnerWorker.runSuite(SuiteRunnerWorker.java:52)
	at org.testng.SuiteRunnerWorker.run(SuiteRunnerWorker.java:86)
	at org.testng.TestNG.runSuitesSequentially(TestNG.java:1224)
	at org.testng.TestNG.runSuitesLocally(TestNG.java:1149)
	at org.testng.TestNG.run(TestNG.java:1057)
	at org.testng.remote.AbstractRemoteTestNG.run(AbstractRemoteTestNG.java:115)
	at org.testng.remote.RemoteTestNG.initAndRun(RemoteTestNG.java:251)
	at org.testng.remote.RemoteTestNG.main(RemoteTestNG.java:77)
</stack-trace>
            </failure>
            <steps/>
            <attachments/>
            <labels>
                <label name="testSuite" value="Default suite"/>
                <label name="testGroup" value="Default test"/>
                <label name="testClass" value="com.qait.tests.NotificationsTest"/>
                <label name="testMethod" value="Verify_OlderTab"/>
                <label name="host" value="faizejafri-Vostro-15-3568"/>
                <label name="thread" value="199400@faizejafri-Vostro-15-3568.main(1)"/>
            </labels>
        </test-case>
    </test-cases>
    <labels>
        <label name="framework" value="TestNG"/>
        <label name="language" value="JAVA"/>
    </labels>
</ns2:test-suite>
